2024-11-09 19:29:58 [INFO] Question: What team does Declan Rice play for
2024-11-09 19:29:58 [INFO] Running PandasAI with openai LLM...
2024-11-09 19:29:58 [INFO] Prompt ID: 4e373cd2-703f-4f11-9047-6619ce5a6506
2024-11-09 19:29:58 [INFO] Executing Pipeline: GenerateChatPipeline
2024-11-09 19:29:58 [INFO] Executing Step 0: ValidatePipelineInput
2024-11-09 19:29:58 [INFO] Executing Step 1: CacheLookup
2024-11-09 19:29:58 [INFO] Executing Step 2: PromptGeneration
2024-11-09 19:29:58 [INFO] Using prompt: <dataframe>
dfs[0]:666x80
id,name,now_cost,position,team,ep_next,points_per_game_rank,selected_rank_type,influence,saves_per_90,goals_conceded_per_90,points_per_game_rank_type,web_name,creativity_rank_type,in_dreamteam,ict_index_rank_type,transfers_out_event,threat,bonus,red_cards,dreamteam_count,form_rank,influence_rank_type,influence_rank,region,form_rank_type,transfers_in_event,assists,selected_by_percent,value_season,expected_goals,clean_sheets,corners_and_indirect_freekicks_order,expected_assists_per_90,cost_change_event_fall,creativity,goals_scored,value_form,expected_assists,penalties_missed,form,chance_of_playing_next_round,event_points,clean_sheets_per_90,transfers_out,now_cost_rank,now_cost_rank_type,ict_index_rank,goals_conceded,expected_goals_conceded,direct_freekicks_order,ep_this,starts_per_90,expected_goals_conceded_per_90,expected_goal_involvements_per_90,expected_goals_per_90,ict_index,status,threat_rank,news_added,creativity_rank,points_per_game,chance_of_playing_this_round,cost_change_event,bps,starts,transfers_in,selected_rank,saves,yellow_cards,total_points,news,penalties_order,cost_change_start,own_goals,cost_change_start_fall,minutes,expected_goal_involvements,penalties_saved,threat_rank_type
297,Bobby Clark,57,FWD,Leicester,0.1,196,219,9.8,1.5,1.48,225,Kalajdžić,209,True,290,1081,88.0,11,1,2,1,287,634,83.0,59,49,0,1.8,3.4,0.51,0,3.0,0.53,1,25.0,5,1.1,0.37,0,2.0,,0,0.76,15027,205,261,555,13,9.23,5.0,5.5,0.67,2.33,1.61,2.7,25.4,s,50,2024-08-30T10:16:16.061223Z,57,3.4,50.0,-1,74,0,242,454,21,3,30,Lack of match fitness - 75% chance of playing,4.0,2,1,-4,495,3.79,0,19
604,Armel Bella-Kotchap,61,DEF,Crystal Palace,0.5,278,41,111.8,3.8,0.5,177,Ruddy,258,True,255,175,208.0,8,0,0,192,280,202,2.0,18,748,5,3.8,3.9,0.19,3,1.0,1.6,0,67.4,6,0.5,1.36,0,6.7,25.0,5,0.17,987413,237,143,642,9,3.86,,1.1,1.05,3.06,0.55,0.34,1.8,i,483,,217,3.0,,1,61,3,208068,125,19,1,37,,1.0,5,0,2,278,0.22,1,1
370,George Edmundson,46,MID,Fulham,4.8,508,126,59.4,2.46,0.61,279,Semenyo,2,False,74,65,40.0,10,0,3,226,33,556,,188,2306,1,8.4,2.6,0.83,5,,0.09,-1,31.4,1,0.8,3.15,1,1.7,0.0,12,1.04,54028,284,170,486,7,11.86,3.0,4.2,0.69,0.63,0.14,0.14,14.1,d,439,2024-10-06T22:00:08.092711Z,224,1.4,100.0,0,178,7,124271,458,11,4,42,Transferred to AEK Athens,,0,0,-5,21,0.1,1,207
</dataframe>




Update this initial code:
```python
# TODO: import the required dependencies
import pandas as pd

# Write code here

# Declare result var: 
type (possible values "string", "number", "dataframe", "plot"). Examples: { "type": "string", "value": f"The highest salary is {highest_salary}." } or { "type": "number", "value": 125 } or { "type": "dataframe", "value": pd.DataFrame({...}) } or { "type": "plot", "value": "temp_chart.png" }

```



### QUERY
 What team does Declan Rice play for

Variable `dfs: list[pd.DataFrame]` is already declared.

At the end, declare "result" variable as a dictionary of type and value.

If you are asked to plot a chart, use "matplotlib" for charts, save as png.


Generate python code and return full updated code:
2024-11-09 19:29:58 [INFO] Executing Step 3: CodeGenerator
2024-11-09 19:30:00 [INFO] Prompt used:
            <dataframe>
dfs[0]:666x80
id,name,now_cost,position,team,ep_next,points_per_game_rank,selected_rank_type,influence,saves_per_90,goals_conceded_per_90,points_per_game_rank_type,web_name,creativity_rank_type,in_dreamteam,ict_index_rank_type,transfers_out_event,threat,bonus,red_cards,dreamteam_count,form_rank,influence_rank_type,influence_rank,region,form_rank_type,transfers_in_event,assists,selected_by_percent,value_season,expected_goals,clean_sheets,corners_and_indirect_freekicks_order,expected_assists_per_90,cost_change_event_fall,creativity,goals_scored,value_form,expected_assists,penalties_missed,form,chance_of_playing_next_round,event_points,clean_sheets_per_90,transfers_out,now_cost_rank,now_cost_rank_type,ict_index_rank,goals_conceded,expected_goals_conceded,direct_freekicks_order,ep_this,starts_per_90,expected_goals_conceded_per_90,expected_goal_involvements_per_90,expected_goals_per_90,ict_index,status,threat_rank,news_added,creativity_rank,points_per_game,chance_of_playing_this_round,cost_change_event,bps,starts,transfers_in,selected_rank,saves,yellow_cards,total_points,news,penalties_order,cost_change_start,own_goals,cost_change_start_fall,minutes,expected_goal_involvements,penalties_saved,threat_rank_type
297,Bobby Clark,57,FWD,Leicester,0.1,196,219,9.8,1.5,1.48,225,Kalajdžić,209,True,290,1081,88.0,11,1,2,1,287,634,83.0,59,49,0,1.8,3.4,0.51,0,3.0,0.53,1,25.0,5,1.1,0.37,0,2.0,,0,0.76,15027,205,261,555,13,9.23,5.0,5.5,0.67,2.33,1.61,2.7,25.4,s,50,2024-08-30T10:16:16.061223Z,57,3.4,50.0,-1,74,0,242,454,21,3,30,Lack of match fitness - 75% chance of playing,4.0,2,1,-4,495,3.79,0,19
604,Armel Bella-Kotchap,61,DEF,Crystal Palace,0.5,278,41,111.8,3.8,0.5,177,Ruddy,258,True,255,175,208.0,8,0,0,192,280,202,2.0,18,748,5,3.8,3.9,0.19,3,1.0,1.6,0,67.4,6,0.5,1.36,0,6.7,25.0,5,0.17,987413,237,143,642,9,3.86,,1.1,1.05,3.06,0.55,0.34,1.8,i,483,,217,3.0,,1,61,3,208068,125,19,1,37,,1.0,5,0,2,278,0.22,1,1
370,George Edmundson,46,MID,Fulham,4.8,508,126,59.4,2.46,0.61,279,Semenyo,2,False,74,65,40.0,10,0,3,226,33,556,,188,2306,1,8.4,2.6,0.83,5,,0.09,-1,31.4,1,0.8,3.15,1,1.7,0.0,12,1.04,54028,284,170,486,7,11.86,3.0,4.2,0.69,0.63,0.14,0.14,14.1,d,439,2024-10-06T22:00:08.092711Z,224,1.4,100.0,0,178,7,124271,458,11,4,42,Transferred to AEK Athens,,0,0,-5,21,0.1,1,207
</dataframe>




Update this initial code:
```python
# TODO: import the required dependencies
import pandas as pd

# Write code here

# Declare result var: 
type (possible values "string", "number", "dataframe", "plot"). Examples: { "type": "string", "value": f"The highest salary is {highest_salary}." } or { "type": "number", "value": 125 } or { "type": "dataframe", "value": pd.DataFrame({...}) } or { "type": "plot", "value": "temp_chart.png" }

```



### QUERY
 What team does Declan Rice play for

Variable `dfs: list[pd.DataFrame]` is already declared.

At the end, declare "result" variable as a dictionary of type and value.

If you are asked to plot a chart, use "matplotlib" for charts, save as png.


Generate python code and return full updated code:
            
2024-11-09 19:30:00 [INFO] Code generated:
            ```
            # TODO: import the required dependencies
import pandas as pd

# Write code here
for df in dfs:
    if "Declan Rice" in df["name"].values:
        team = df.loc[df["name"] == "Declan Rice", "team"].values[0]
        result = {"type": "string", "value": f"Declan Rice plays for {team}."}
        break
    else:
        result = {"type": "string", "value": "Declan Rice's team information is not available."}
            ```
            
2024-11-09 19:30:00 [INFO] Executing Step 4: CachePopulation
2024-11-09 19:30:00 [INFO] Executing Step 5: CodeCleaning
2024-11-09 19:30:00 [INFO] 
Code running:
```
for df in dfs:
    if 'Declan Rice' in df['name'].values:
        team = df.loc[df['name'] == 'Declan Rice', 'team'].values[0]
        result = {'type': 'string', 'value': f'Declan Rice plays for {team}.'}
        break
    else:
        result = {'type': 'string', 'value': "Declan Rice's team information is not available."}
        ```
2024-11-09 19:30:00 [INFO] Executing Step 6: CodeExecution
2024-11-09 19:30:00 [INFO] Executing Step 7: ResultValidation
2024-11-09 19:30:00 [INFO] Answer: {'type': 'string', 'value': 'Declan Rice plays for Arsenal.'}
2024-11-09 19:30:00 [INFO] Executing Step 8: ResultParsing
2024-11-09 19:31:07 [INFO] Question: Who is the player with the most transfer in events

2024-11-09 19:31:07 [INFO] Running PandasAI with openai LLM...
2024-11-09 19:31:07 [INFO] Prompt ID: b0d872e5-ea56-4751-a873-85c7574ba45d
2024-11-09 19:31:07 [INFO] Executing Pipeline: GenerateChatPipeline
2024-11-09 19:31:07 [INFO] Executing Step 0: ValidatePipelineInput
2024-11-09 19:31:07 [INFO] Executing Step 1: CacheLookup
2024-11-09 19:31:07 [INFO] Executing Step 2: PromptGeneration
2024-11-09 19:31:07 [INFO] Using prompt: <dataframe>
dfs[0]:666x80
id,name,now_cost,position,team,ep_next,points_per_game_rank,selected_rank_type,influence,saves_per_90,goals_conceded_per_90,points_per_game_rank_type,web_name,creativity_rank_type,in_dreamteam,ict_index_rank_type,transfers_out_event,threat,bonus,red_cards,dreamteam_count,form_rank,influence_rank_type,influence_rank,region,form_rank_type,transfers_in_event,assists,selected_by_percent,value_season,expected_goals,clean_sheets,corners_and_indirect_freekicks_order,expected_assists_per_90,cost_change_event_fall,creativity,goals_scored,value_form,expected_assists,penalties_missed,form,chance_of_playing_next_round,event_points,clean_sheets_per_90,transfers_out,now_cost_rank,now_cost_rank_type,ict_index_rank,goals_conceded,expected_goals_conceded,direct_freekicks_order,ep_this,starts_per_90,expected_goals_conceded_per_90,expected_goal_involvements_per_90,expected_goals_per_90,ict_index,status,threat_rank,news_added,creativity_rank,points_per_game,chance_of_playing_this_round,cost_change_event,bps,starts,transfers_in,selected_rank,saves,yellow_cards,total_points,news,penalties_order,cost_change_start,own_goals,cost_change_start_fall,minutes,expected_goal_involvements,penalties_saved,threat_rank_type
663,Joe White,80,MID,West Ham,0.9,505,42,164.4,3.14,1.39,214,Cozier-Duberry,146,True,117,624,157.0,11,1,0,494,252,319,50.0,113,113,1,5.4,2.5,4.92,3,,0.01,0,52.4,2,0.6,0.45,1,2.0,75.0,11,0.7,4360,317,148,346,1,7.77,5.0,0.3,0.75,2.37,1.1,0.36,3.0,n,100,,489,4.6,100.0,0,33,6,11039,45,33,1,42,Season long loan to A.J.Auxerre,,-5,0,-1,240,2.49,0,245
273,Brandon Austin,64,GKP,Fulham,5.7,61,185,87.0,0.0,1.06,49,McAteer,262,False,4,3009,29.0,6,0,2,75,80,304,3.0,262,37364,3,27.1,4.4,2.12,5,4.0,1.6,-1,12.7,0,0.4,1.98,1,3.7,25.0,15,0.37,643,223,292,107,7,12.19,1.0,5.7,1.22,3.02,0.65,0.18,38.1,s,298,2024-09-05T10:36:18.217223Z,512,0.5,0.0,-1,1,0,12007,522,6,3,28,Loaned to Zulte Waregem,3.0,-2,1,-3,238,1.47,0,64
515,Reiss Nelson,67,FWD,Nott'm Forest,5.2,181,50,1.0,7.0,1.54,190,Hodge,86,False,258,304,94.0,1,0,3,293,277,443,,266,47,5,14.9,4.6,1.61,2,3.0,0.09,1,25.0,1,0.8,0.13,0,5.0,,8,0.22,51521,391,264,265,0,3.06,,1.1,0.69,0.64,0.85,0.38,33.4,d,473,2024-08-24T21:30:05.205042Z,333,1.2,,1,37,2,246113,131,7,5,16,,2.0,2,1,-5,63,0.78,1,110
</dataframe>




Update this initial code:
```python
# TODO: import the required dependencies
import pandas as pd

# Write code here

# Declare result var: 
type (possible values "string", "number", "dataframe", "plot"). Examples: { "type": "string", "value": f"The highest salary is {highest_salary}." } or { "type": "number", "value": 125 } or { "type": "dataframe", "value": pd.DataFrame({...}) } or { "type": "plot", "value": "temp_chart.png" }

```



### QUERY
 Who is the player with the most transfer in events


Variable `dfs: list[pd.DataFrame]` is already declared.

At the end, declare "result" variable as a dictionary of type and value.

If you are asked to plot a chart, use "matplotlib" for charts, save as png.


Generate python code and return full updated code:
2024-11-09 19:31:07 [INFO] Executing Step 3: CodeGenerator
2024-11-09 19:31:09 [INFO] Prompt used:
            <dataframe>
dfs[0]:666x80
id,name,now_cost,position,team,ep_next,points_per_game_rank,selected_rank_type,influence,saves_per_90,goals_conceded_per_90,points_per_game_rank_type,web_name,creativity_rank_type,in_dreamteam,ict_index_rank_type,transfers_out_event,threat,bonus,red_cards,dreamteam_count,form_rank,influence_rank_type,influence_rank,region,form_rank_type,transfers_in_event,assists,selected_by_percent,value_season,expected_goals,clean_sheets,corners_and_indirect_freekicks_order,expected_assists_per_90,cost_change_event_fall,creativity,goals_scored,value_form,expected_assists,penalties_missed,form,chance_of_playing_next_round,event_points,clean_sheets_per_90,transfers_out,now_cost_rank,now_cost_rank_type,ict_index_rank,goals_conceded,expected_goals_conceded,direct_freekicks_order,ep_this,starts_per_90,expected_goals_conceded_per_90,expected_goal_involvements_per_90,expected_goals_per_90,ict_index,status,threat_rank,news_added,creativity_rank,points_per_game,chance_of_playing_this_round,cost_change_event,bps,starts,transfers_in,selected_rank,saves,yellow_cards,total_points,news,penalties_order,cost_change_start,own_goals,cost_change_start_fall,minutes,expected_goal_involvements,penalties_saved,threat_rank_type
663,Joe White,80,MID,West Ham,0.9,505,42,164.4,3.14,1.39,214,Cozier-Duberry,146,True,117,624,157.0,11,1,0,494,252,319,50.0,113,113,1,5.4,2.5,4.92,3,,0.01,0,52.4,2,0.6,0.45,1,2.0,75.0,11,0.7,4360,317,148,346,1,7.77,5.0,0.3,0.75,2.37,1.1,0.36,3.0,n,100,,489,4.6,100.0,0,33,6,11039,45,33,1,42,Season long loan to A.J.Auxerre,,-5,0,-1,240,2.49,0,245
273,Brandon Austin,64,GKP,Fulham,5.7,61,185,87.0,0.0,1.06,49,McAteer,262,False,4,3009,29.0,6,0,2,75,80,304,3.0,262,37364,3,27.1,4.4,2.12,5,4.0,1.6,-1,12.7,0,0.4,1.98,1,3.7,25.0,15,0.37,643,223,292,107,7,12.19,1.0,5.7,1.22,3.02,0.65,0.18,38.1,s,298,2024-09-05T10:36:18.217223Z,512,0.5,0.0,-1,1,0,12007,522,6,3,28,Loaned to Zulte Waregem,3.0,-2,1,-3,238,1.47,0,64
515,Reiss Nelson,67,FWD,Nott'm Forest,5.2,181,50,1.0,7.0,1.54,190,Hodge,86,False,258,304,94.0,1,0,3,293,277,443,,266,47,5,14.9,4.6,1.61,2,3.0,0.09,1,25.0,1,0.8,0.13,0,5.0,,8,0.22,51521,391,264,265,0,3.06,,1.1,0.69,0.64,0.85,0.38,33.4,d,473,2024-08-24T21:30:05.205042Z,333,1.2,,1,37,2,246113,131,7,5,16,,2.0,2,1,-5,63,0.78,1,110
</dataframe>




Update this initial code:
```python
# TODO: import the required dependencies
import pandas as pd

# Write code here

# Declare result var: 
type (possible values "string", "number", "dataframe", "plot"). Examples: { "type": "string", "value": f"The highest salary is {highest_salary}." } or { "type": "number", "value": 125 } or { "type": "dataframe", "value": pd.DataFrame({...}) } or { "type": "plot", "value": "temp_chart.png" }

```



### QUERY
 Who is the player with the most transfer in events


Variable `dfs: list[pd.DataFrame]` is already declared.

At the end, declare "result" variable as a dictionary of type and value.

If you are asked to plot a chart, use "matplotlib" for charts, save as png.


Generate python code and return full updated code:
            
2024-11-09 19:31:09 [INFO] Code generated:
            ```
            # TODO: import the required dependencies
import pandas as pd

# Write code here
most_transfers_in_player = dfs[0].loc[dfs[0]['transfers_in_event'].idxmax()]['name']

# Declare result var
result = { "type": "string", "value": f"The player with the most transfer in events is {most_transfers_in_player}." }
            ```
            
2024-11-09 19:31:09 [INFO] Executing Step 4: CachePopulation
2024-11-09 19:31:09 [INFO] Executing Step 5: CodeCleaning
2024-11-09 19:31:09 [INFO] 
Code running:
```
most_transfers_in_player = dfs[0].loc[dfs[0]['transfers_in_event'].idxmax()]['name']
result = {'type': 'string', 'value': f'The player with the most transfer in events is {most_transfers_in_player}.'}
        ```
2024-11-09 19:31:09 [INFO] Executing Step 6: CodeExecution
2024-11-09 19:31:09 [INFO] Executing Step 7: ResultValidation
2024-11-09 19:31:09 [INFO] Answer: {'type': 'string', 'value': 'The player with the most transfer in events is Bryan Mbeumo.'}
2024-11-09 19:31:09 [INFO] Executing Step 8: ResultParsing
2024-11-09 19:31:44 [INFO] Question: Who does  Bryan Mbeumo play for

2024-11-09 19:31:44 [INFO] Running PandasAI with openai LLM...
2024-11-09 19:31:44 [INFO] Prompt ID: 5a7f795d-36b4-49cb-b854-8e9990b5f8e5
2024-11-09 19:31:44 [INFO] Executing Pipeline: GenerateChatPipeline
2024-11-09 19:31:45 [INFO] Executing Step 0: ValidatePipelineInput
2024-11-09 19:31:45 [INFO] Executing Step 1: CacheLookup
2024-11-09 19:31:45 [INFO] Executing Step 2: PromptGeneration
2024-11-09 19:31:45 [INFO] Using prompt: <dataframe>
dfs[0]:666x80
id,name,now_cost,position,team,ep_next,points_per_game_rank,selected_rank_type,influence,saves_per_90,goals_conceded_per_90,points_per_game_rank_type,web_name,creativity_rank_type,in_dreamteam,ict_index_rank_type,transfers_out_event,threat,bonus,red_cards,dreamteam_count,form_rank,influence_rank_type,influence_rank,region,form_rank_type,transfers_in_event,assists,selected_by_percent,value_season,expected_goals,clean_sheets,corners_and_indirect_freekicks_order,expected_assists_per_90,cost_change_event_fall,creativity,goals_scored,value_form,expected_assists,penalties_missed,form,chance_of_playing_next_round,event_points,clean_sheets_per_90,transfers_out,now_cost_rank,now_cost_rank_type,ict_index_rank,goals_conceded,expected_goals_conceded,direct_freekicks_order,ep_this,starts_per_90,expected_goals_conceded_per_90,expected_goal_involvements_per_90,expected_goals_per_90,ict_index,status,threat_rank,news_added,creativity_rank,points_per_game,chance_of_playing_this_round,cost_change_event,bps,starts,transfers_in,selected_rank,saves,yellow_cards,total_points,news,penalties_order,cost_change_start,own_goals,cost_change_start_fall,minutes,expected_goal_involvements,penalties_saved,threat_rank_type
657,Moisés Caicedo Corozo,54,MID,Everton,3.0,13,64,34.4,2.46,0.36,105,B.Fernandes,122,False,51,5,71.0,5,1,3,400,125,521,62.0,86,831,2,5.5,6.3,6.39,5,5.0,0.27,0,18.8,3,1.4,0.12,0,4.0,,7,0.3,7786,513,136,155,1,0.32,4.0,6.5,0.81,1.41,0.79,0.37,42.0,s,508,2024-09-29T22:30:06.452903Z,418,2.5,,0,138,5,585486,301,33,3,33,,3.0,4,1,5,530,1.08,0,135
261,Neal Maupay,44,FWD,Fulham,-0.5,196,68,223.8,8.18,1.54,175,McTominay,1,False,183,351,118.0,11,0,1,387,301,327,103.0,175,1366,5,12.2,0.7,2.12,0,1.0,0.1,-1,10.0,1,1.1,1.04,1,5.3,50.0,6,0.62,17448,429,172,382,12,13.05,,4.2,1.06,1.76,0.32,0.31,31.5,u,488,2024-08-17T20:00:06.172553Z,614,0.5,50.0,1,115,3,12229,336,7,2,35,On loan to Los Angeles Football Club for the rest of the season,,-1,0,2,187,3.9,1,54
327,Alejandro Garnacho,92,GKP,Man Utd,3.3,583,277,189.8,2.71,1.3,190,Mitchell,79,True,116,1381,211.0,1,0,0,178,28,508,,253,9296,1,5.8,7.2,4.92,3,,0.53,1,58.0,6,0.6,2.03,1,4.7,100.0,18,0.21,269308,286,81,649,10,5.72,1.0,2.8,0.75,0.39,0.06,0.91,22.9,d,532,,540,0.7,100.0,-1,184,1,961,266,15,4,34,Permanent transfer to Al Ittihad,4.0,5,1,4,569,1.01,1,33
</dataframe>




Update this initial code:
```python
# TODO: import the required dependencies
import pandas as pd

# Write code here

# Declare result var: 
type (possible values "string", "number", "dataframe", "plot"). Examples: { "type": "string", "value": f"The highest salary is {highest_salary}." } or { "type": "number", "value": 125 } or { "type": "dataframe", "value": pd.DataFrame({...}) } or { "type": "plot", "value": "temp_chart.png" }

```



### QUERY
 Who does  Bryan Mbeumo play for


Variable `dfs: list[pd.DataFrame]` is already declared.

At the end, declare "result" variable as a dictionary of type and value.

If you are asked to plot a chart, use "matplotlib" for charts, save as png.


Generate python code and return full updated code:
2024-11-09 19:31:45 [INFO] Executing Step 3: CodeGenerator
2024-11-09 19:31:47 [INFO] Prompt used:
            <dataframe>
dfs[0]:666x80
id,name,now_cost,position,team,ep_next,points_per_game_rank,selected_rank_type,influence,saves_per_90,goals_conceded_per_90,points_per_game_rank_type,web_name,creativity_rank_type,in_dreamteam,ict_index_rank_type,transfers_out_event,threat,bonus,red_cards,dreamteam_count,form_rank,influence_rank_type,influence_rank,region,form_rank_type,transfers_in_event,assists,selected_by_percent,value_season,expected_goals,clean_sheets,corners_and_indirect_freekicks_order,expected_assists_per_90,cost_change_event_fall,creativity,goals_scored,value_form,expected_assists,penalties_missed,form,chance_of_playing_next_round,event_points,clean_sheets_per_90,transfers_out,now_cost_rank,now_cost_rank_type,ict_index_rank,goals_conceded,expected_goals_conceded,direct_freekicks_order,ep_this,starts_per_90,expected_goals_conceded_per_90,expected_goal_involvements_per_90,expected_goals_per_90,ict_index,status,threat_rank,news_added,creativity_rank,points_per_game,chance_of_playing_this_round,cost_change_event,bps,starts,transfers_in,selected_rank,saves,yellow_cards,total_points,news,penalties_order,cost_change_start,own_goals,cost_change_start_fall,minutes,expected_goal_involvements,penalties_saved,threat_rank_type
657,Moisés Caicedo Corozo,54,MID,Everton,3.0,13,64,34.4,2.46,0.36,105,B.Fernandes,122,False,51,5,71.0,5,1,3,400,125,521,62.0,86,831,2,5.5,6.3,6.39,5,5.0,0.27,0,18.8,3,1.4,0.12,0,4.0,,7,0.3,7786,513,136,155,1,0.32,4.0,6.5,0.81,1.41,0.79,0.37,42.0,s,508,2024-09-29T22:30:06.452903Z,418,2.5,,0,138,5,585486,301,33,3,33,,3.0,4,1,5,530,1.08,0,135
261,Neal Maupay,44,FWD,Fulham,-0.5,196,68,223.8,8.18,1.54,175,McTominay,1,False,183,351,118.0,11,0,1,387,301,327,103.0,175,1366,5,12.2,0.7,2.12,0,1.0,0.1,-1,10.0,1,1.1,1.04,1,5.3,50.0,6,0.62,17448,429,172,382,12,13.05,,4.2,1.06,1.76,0.32,0.31,31.5,u,488,2024-08-17T20:00:06.172553Z,614,0.5,50.0,1,115,3,12229,336,7,2,35,On loan to Los Angeles Football Club for the rest of the season,,-1,0,2,187,3.9,1,54
327,Alejandro Garnacho,92,GKP,Man Utd,3.3,583,277,189.8,2.71,1.3,190,Mitchell,79,True,116,1381,211.0,1,0,0,178,28,508,,253,9296,1,5.8,7.2,4.92,3,,0.53,1,58.0,6,0.6,2.03,1,4.7,100.0,18,0.21,269308,286,81,649,10,5.72,1.0,2.8,0.75,0.39,0.06,0.91,22.9,d,532,,540,0.7,100.0,-1,184,1,961,266,15,4,34,Permanent transfer to Al Ittihad,4.0,5,1,4,569,1.01,1,33
</dataframe>




Update this initial code:
```python
# TODO: import the required dependencies
import pandas as pd

# Write code here

# Declare result var: 
type (possible values "string", "number", "dataframe", "plot"). Examples: { "type": "string", "value": f"The highest salary is {highest_salary}." } or { "type": "number", "value": 125 } or { "type": "dataframe", "value": pd.DataFrame({...}) } or { "type": "plot", "value": "temp_chart.png" }

```



### QUERY
 Who does  Bryan Mbeumo play for


Variable `dfs: list[pd.DataFrame]` is already declared.

At the end, declare "result" variable as a dictionary of type and value.

If you are asked to plot a chart, use "matplotlib" for charts, save as png.


Generate python code and return full updated code:
            
2024-11-09 19:31:47 [INFO] Code generated:
            ```
            # TODO: import the required dependencies
import pandas as pd

# Write code here
team = dfs[0][dfs[0]['web_name'] == 'Mbeumo']['team'].values[0]

# Declare result var
result = { "type": "string", "value": f"Bryan Mbeumo plays for {team}." }
            ```
            
2024-11-09 19:31:47 [INFO] Executing Step 4: CachePopulation
2024-11-09 19:31:47 [INFO] Executing Step 5: CodeCleaning
2024-11-09 19:31:47 [INFO] 
Code running:
```
team = dfs[0][dfs[0]['web_name'] == 'Mbeumo']['team'].values[0]
result = {'type': 'string', 'value': f'Bryan Mbeumo plays for {team}.'}
        ```
2024-11-09 19:31:47 [INFO] Executing Step 6: CodeExecution
2024-11-09 19:31:47 [INFO] Executing Step 7: ResultValidation
2024-11-09 19:31:47 [INFO] Answer: {'type': 'string', 'value': 'Bryan Mbeumo plays for Brentford.'}
2024-11-09 19:31:47 [INFO] Executing Step 8: ResultParsing
2024-11-09 19:37:28 [INFO] Question: who had the highest bonus

2024-11-09 19:37:28 [INFO] Running PandasAI with openai LLM...
2024-11-09 19:37:28 [INFO] Prompt ID: 16599c45-6551-42d0-82e1-f6519bace491
2024-11-09 19:37:28 [INFO] Executing Pipeline: GenerateChatPipeline
2024-11-09 19:37:28 [INFO] Executing Step 0: ValidatePipelineInput
2024-11-09 19:37:28 [INFO] Executing Step 1: CacheLookup
2024-11-09 19:37:28 [INFO] Executing Step 2: PromptGeneration
2024-11-09 19:37:29 [INFO] Using prompt: <dataframe>
dfs[0]:666x80
id,name,now_cost,position,team,ep_next,points_per_game_rank,selected_rank_type,influence,saves_per_90,goals_conceded_per_90,points_per_game_rank_type,web_name,creativity_rank_type,in_dreamteam,ict_index_rank_type,transfers_out_event,threat,bonus,red_cards,dreamteam_count,form_rank,influence_rank_type,influence_rank,region,form_rank_type,transfers_in_event,assists,selected_by_percent,value_season,expected_goals,clean_sheets,corners_and_indirect_freekicks_order,expected_assists_per_90,cost_change_event_fall,creativity,goals_scored,value_form,expected_assists,penalties_missed,form,chance_of_playing_next_round,event_points,clean_sheets_per_90,transfers_out,now_cost_rank,now_cost_rank_type,ict_index_rank,goals_conceded,expected_goals_conceded,direct_freekicks_order,ep_this,starts_per_90,expected_goals_conceded_per_90,expected_goal_involvements_per_90,expected_goals_per_90,ict_index,status,threat_rank,news_added,creativity_rank,points_per_game,chance_of_playing_this_round,cost_change_event,bps,starts,transfers_in,selected_rank,saves,yellow_cards,total_points,news,penalties_order,cost_change_start,own_goals,cost_change_start_fall,minutes,expected_goal_involvements,penalties_saved,threat_rank_type
326,Nathan Patterson,101,MID,Man City,12.5,296,147,79.0,2.43,0.72,87,Zanka,10,False,273,21624,84.0,10,0,1,324,59,294,229.0,53,288,3,13.5,2.5,4.29,4,,0.3,1,81.4,0,1.0,0.36,0,6.7,25.0,18,0.26,21571,449,58,489,1,11.23,5.0,5.3,0.83,0.76,0.89,0.35,6.0,u,108,2024-08-31T06:16:49.087133Z,348,4.6,100.0,-1,13,1,300215,156,19,5,12,Season long loan to Chesterfield,2.0,-3,1,0,375,1.71,0,97
142,Lucas Bergström,66,DEF,Crystal Palace,5.8,278,178,12.4,2.14,0.64,163,Schär,53,True,290,88658,52.0,1,0,3,127,105,400,48.0,240,160,1,0.6,5.8,0.47,1,3.0,0.24,0,93.2,10,0.2,0.51,1,2.7,,2,0.45,43302,311,63,525,0,14.05,,-1.5,0.65,1.45,0.33,0.75,23.6,a,235,,171,0.3,75.0,1,149,4,962,422,12,2,54,,4.0,1,0,-5,24,2.76,1,269
277,Eberechi Eze,73,FWD,Spurs,3.7,436,113,234.4,2.71,4.07,194,Davis,57,True,262,95,43.0,14,1,0,137,48,144,,143,1651,4,8.5,6.5,1.7,3,6.0,0.49,-1,58.0,5,0.5,0.88,1,1.0,100.0,3,0.56,7175,504,52,12,6,2.78,3.0,2.5,1.6,2.16,1.5,0.0,12.5,n,191,2024-08-23T10:00:06.716661Z,472,2.4,,0,36,3,1000661,40,16,4,28,Loaned to Morecambe,,-5,1,-3,45,0.28,0,45
</dataframe>




Update this initial code:
```python
# TODO: import the required dependencies
import pandas as pd

# Write code here

# Declare result var: 
type (possible values "string", "number", "dataframe", "plot"). Examples: { "type": "string", "value": f"The highest salary is {highest_salary}." } or { "type": "number", "value": 125 } or { "type": "dataframe", "value": pd.DataFrame({...}) } or { "type": "plot", "value": "temp_chart.png" }

```



### QUERY
 who had the highest bonus


Variable `dfs: list[pd.DataFrame]` is already declared.

At the end, declare "result" variable as a dictionary of type and value.

If you are asked to plot a chart, use "matplotlib" for charts, save as png.


Generate python code and return full updated code:
2024-11-09 19:37:29 [INFO] Executing Step 3: CodeGenerator
2024-11-09 19:37:31 [INFO] Prompt used:
            <dataframe>
dfs[0]:666x80
id,name,now_cost,position,team,ep_next,points_per_game_rank,selected_rank_type,influence,saves_per_90,goals_conceded_per_90,points_per_game_rank_type,web_name,creativity_rank_type,in_dreamteam,ict_index_rank_type,transfers_out_event,threat,bonus,red_cards,dreamteam_count,form_rank,influence_rank_type,influence_rank,region,form_rank_type,transfers_in_event,assists,selected_by_percent,value_season,expected_goals,clean_sheets,corners_and_indirect_freekicks_order,expected_assists_per_90,cost_change_event_fall,creativity,goals_scored,value_form,expected_assists,penalties_missed,form,chance_of_playing_next_round,event_points,clean_sheets_per_90,transfers_out,now_cost_rank,now_cost_rank_type,ict_index_rank,goals_conceded,expected_goals_conceded,direct_freekicks_order,ep_this,starts_per_90,expected_goals_conceded_per_90,expected_goal_involvements_per_90,expected_goals_per_90,ict_index,status,threat_rank,news_added,creativity_rank,points_per_game,chance_of_playing_this_round,cost_change_event,bps,starts,transfers_in,selected_rank,saves,yellow_cards,total_points,news,penalties_order,cost_change_start,own_goals,cost_change_start_fall,minutes,expected_goal_involvements,penalties_saved,threat_rank_type
326,Nathan Patterson,101,MID,Man City,12.5,296,147,79.0,2.43,0.72,87,Zanka,10,False,273,21624,84.0,10,0,1,324,59,294,229.0,53,288,3,13.5,2.5,4.29,4,,0.3,1,81.4,0,1.0,0.36,0,6.7,25.0,18,0.26,21571,449,58,489,1,11.23,5.0,5.3,0.83,0.76,0.89,0.35,6.0,u,108,2024-08-31T06:16:49.087133Z,348,4.6,100.0,-1,13,1,300215,156,19,5,12,Season long loan to Chesterfield,2.0,-3,1,0,375,1.71,0,97
142,Lucas Bergström,66,DEF,Crystal Palace,5.8,278,178,12.4,2.14,0.64,163,Schär,53,True,290,88658,52.0,1,0,3,127,105,400,48.0,240,160,1,0.6,5.8,0.47,1,3.0,0.24,0,93.2,10,0.2,0.51,1,2.7,,2,0.45,43302,311,63,525,0,14.05,,-1.5,0.65,1.45,0.33,0.75,23.6,a,235,,171,0.3,75.0,1,149,4,962,422,12,2,54,,4.0,1,0,-5,24,2.76,1,269
277,Eberechi Eze,73,FWD,Spurs,3.7,436,113,234.4,2.71,4.07,194,Davis,57,True,262,95,43.0,14,1,0,137,48,144,,143,1651,4,8.5,6.5,1.7,3,6.0,0.49,-1,58.0,5,0.5,0.88,1,1.0,100.0,3,0.56,7175,504,52,12,6,2.78,3.0,2.5,1.6,2.16,1.5,0.0,12.5,n,191,2024-08-23T10:00:06.716661Z,472,2.4,,0,36,3,1000661,40,16,4,28,Loaned to Morecambe,,-5,1,-3,45,0.28,0,45
</dataframe>




Update this initial code:
```python
# TODO: import the required dependencies
import pandas as pd

# Write code here

# Declare result var: 
type (possible values "string", "number", "dataframe", "plot"). Examples: { "type": "string", "value": f"The highest salary is {highest_salary}." } or { "type": "number", "value": 125 } or { "type": "dataframe", "value": pd.DataFrame({...}) } or { "type": "plot", "value": "temp_chart.png" }

```



### QUERY
 who had the highest bonus


Variable `dfs: list[pd.DataFrame]` is already declared.

At the end, declare "result" variable as a dictionary of type and value.

If you are asked to plot a chart, use "matplotlib" for charts, save as png.


Generate python code and return full updated code:
            
2024-11-09 19:37:31 [INFO] Code generated:
            ```
            # TODO: import the required dependencies
import pandas as pd

# Write code here
highest_bonus_player = dfs[0].loc[dfs[0]['bonus'].idxmax()]['name']

result = {
    "type": "string",
    "value": f"The player with the highest bonus is {highest_bonus_player}."
}
            ```
            
2024-11-09 19:37:31 [INFO] Executing Step 4: CachePopulation
2024-11-09 19:37:31 [INFO] Executing Step 5: CodeCleaning
2024-11-09 19:37:31 [INFO] 
Code running:
```
highest_bonus_player = dfs[0].loc[dfs[0]['bonus'].idxmax()]['name']
result = {'type': 'string', 'value': f'The player with the highest bonus is {highest_bonus_player}.'}
        ```
2024-11-09 19:37:31 [INFO] Executing Step 6: CodeExecution
2024-11-09 19:37:31 [INFO] Executing Step 7: ResultValidation
2024-11-09 19:37:31 [INFO] Answer: {'type': 'string', 'value': 'The player with the highest bonus is Erling Haaland.'}
2024-11-09 19:37:31 [INFO] Executing Step 8: ResultParsing
2024-11-09 19:41:30 [INFO] Question: who are the top 10 with the highest threat rank type

2024-11-09 19:41:30 [INFO] Running PandasAI with openai LLM...
2024-11-09 19:41:30 [INFO] Prompt ID: 8e199d2c-f84c-4cf1-ba30-403901e0e0a4
2024-11-09 19:41:30 [INFO] Executing Pipeline: GenerateChatPipeline
2024-11-09 19:41:30 [INFO] Executing Step 0: ValidatePipelineInput
2024-11-09 19:41:30 [INFO] Executing Step 1: CacheLookup
2024-11-09 19:41:30 [INFO] Executing Step 2: PromptGeneration
2024-11-09 19:41:30 [INFO] Using prompt: <dataframe>
dfs[0]:666x80
id,name,now_cost,position,team,ep_next,points_per_game_rank,selected_rank_type,influence,saves_per_90,goals_conceded_per_90,points_per_game_rank_type,web_name,creativity_rank_type,in_dreamteam,ict_index_rank_type,transfers_out_event,threat,bonus,red_cards,dreamteam_count,form_rank,influence_rank_type,influence_rank,region,form_rank_type,transfers_in_event,assists,selected_by_percent,value_season,expected_goals,clean_sheets,corners_and_indirect_freekicks_order,expected_assists_per_90,cost_change_event_fall,creativity,goals_scored,value_form,expected_assists,penalties_missed,form,chance_of_playing_next_round,event_points,clean_sheets_per_90,transfers_out,now_cost_rank,now_cost_rank_type,ict_index_rank,goals_conceded,expected_goals_conceded,direct_freekicks_order,ep_this,starts_per_90,expected_goals_conceded_per_90,expected_goal_involvements_per_90,expected_goals_per_90,ict_index,status,threat_rank,news_added,creativity_rank,points_per_game,chance_of_playing_this_round,cost_change_event,bps,starts,transfers_in,selected_rank,saves,yellow_cards,total_points,news,penalties_order,cost_change_start,own_goals,cost_change_start_fall,minutes,expected_goal_involvements,penalties_saved,threat_rank_type
268,Jorge Luiz Frello Filho,43,GKP,Spurs,5.5,434,156,130.4,7.0,1.85,23,Garnacho,16,False,14,759,42.0,6,0,2,354,231,535,21.0,18,10484,0,7.6,4.1,0.53,0,,0.2,-1,115.3,5,0.2,0.61,1,7.0,50.0,11,0.45,8751,640,153,269,16,11.35,,4.0,1.15,0.62,0.32,0.04,13.6,a,100,2024-08-29T11:09:56.647313Z,635,6.0,75.0,0,129,5,20861,212,33,1,36,Season long loan to Derby County,,4,1,-1,595,0.39,0,207
102,Alex Murphy,67,FWD,Chelsea,0.9,101,88,167.0,2.14,1.87,9,Steele,66,True,276,890,128.0,1,1,3,651,133,242,,206,33956,5,0.1,0.1,3.09,5,2.0,0.15,1,36.6,3,0.7,0.11,0,7.7,,5,0.26,298909,630,259,227,15,11.29,5.0,7.3,0.85,1.88,0.09,0.42,0.9,u,83,2024-08-31T06:41:10.704245Z,136,5.4,0.0,-1,59,4,1909,58,15,0,20,,2.0,-1,0,-5,7,0.33,0,27
621,Ben Nelson,52,MID,Nott'm Forest,8.3,638,286,17.6,2.43,0.29,146,Trevitt,94,True,31,1471,125.0,11,1,1,160,55,173,161.0,234,320,3,2.3,4.0,0.78,4,4.0,0.06,0,40.3,6,0.6,0.06,0,5.7,25.0,15,0.63,47849,435,43,573,9,0.6,3.0,2.0,0.7,0.48,0.57,0.25,42.0,s,232,,52,5.1,,1,20,2,243856,314,18,3,38,Season long to Huddersfield Town,3.0,2,1,5,399,0.56,1,288
</dataframe>




Update this initial code:
```python
# TODO: import the required dependencies
import pandas as pd

# Write code here

# Declare result var: 
type (possible values "string", "number", "dataframe", "plot"). Examples: { "type": "string", "value": f"The highest salary is {highest_salary}." } or { "type": "number", "value": 125 } or { "type": "dataframe", "value": pd.DataFrame({...}) } or { "type": "plot", "value": "temp_chart.png" }

```



### QUERY
 who are the top 10 with the highest threat rank type


Variable `dfs: list[pd.DataFrame]` is already declared.

At the end, declare "result" variable as a dictionary of type and value.

If you are asked to plot a chart, use "matplotlib" for charts, save as png.


Generate python code and return full updated code:
2024-11-09 19:41:30 [INFO] Executing Step 3: CodeGenerator
2024-11-09 19:41:32 [INFO] Prompt used:
            <dataframe>
dfs[0]:666x80
id,name,now_cost,position,team,ep_next,points_per_game_rank,selected_rank_type,influence,saves_per_90,goals_conceded_per_90,points_per_game_rank_type,web_name,creativity_rank_type,in_dreamteam,ict_index_rank_type,transfers_out_event,threat,bonus,red_cards,dreamteam_count,form_rank,influence_rank_type,influence_rank,region,form_rank_type,transfers_in_event,assists,selected_by_percent,value_season,expected_goals,clean_sheets,corners_and_indirect_freekicks_order,expected_assists_per_90,cost_change_event_fall,creativity,goals_scored,value_form,expected_assists,penalties_missed,form,chance_of_playing_next_round,event_points,clean_sheets_per_90,transfers_out,now_cost_rank,now_cost_rank_type,ict_index_rank,goals_conceded,expected_goals_conceded,direct_freekicks_order,ep_this,starts_per_90,expected_goals_conceded_per_90,expected_goal_involvements_per_90,expected_goals_per_90,ict_index,status,threat_rank,news_added,creativity_rank,points_per_game,chance_of_playing_this_round,cost_change_event,bps,starts,transfers_in,selected_rank,saves,yellow_cards,total_points,news,penalties_order,cost_change_start,own_goals,cost_change_start_fall,minutes,expected_goal_involvements,penalties_saved,threat_rank_type
268,Jorge Luiz Frello Filho,43,GKP,Spurs,5.5,434,156,130.4,7.0,1.85,23,Garnacho,16,False,14,759,42.0,6,0,2,354,231,535,21.0,18,10484,0,7.6,4.1,0.53,0,,0.2,-1,115.3,5,0.2,0.61,1,7.0,50.0,11,0.45,8751,640,153,269,16,11.35,,4.0,1.15,0.62,0.32,0.04,13.6,a,100,2024-08-29T11:09:56.647313Z,635,6.0,75.0,0,129,5,20861,212,33,1,36,Season long loan to Derby County,,4,1,-1,595,0.39,0,207
102,Alex Murphy,67,FWD,Chelsea,0.9,101,88,167.0,2.14,1.87,9,Steele,66,True,276,890,128.0,1,1,3,651,133,242,,206,33956,5,0.1,0.1,3.09,5,2.0,0.15,1,36.6,3,0.7,0.11,0,7.7,,5,0.26,298909,630,259,227,15,11.29,5.0,7.3,0.85,1.88,0.09,0.42,0.9,u,83,2024-08-31T06:41:10.704245Z,136,5.4,0.0,-1,59,4,1909,58,15,0,20,,2.0,-1,0,-5,7,0.33,0,27
621,Ben Nelson,52,MID,Nott'm Forest,8.3,638,286,17.6,2.43,0.29,146,Trevitt,94,True,31,1471,125.0,11,1,1,160,55,173,161.0,234,320,3,2.3,4.0,0.78,4,4.0,0.06,0,40.3,6,0.6,0.06,0,5.7,25.0,15,0.63,47849,435,43,573,9,0.6,3.0,2.0,0.7,0.48,0.57,0.25,42.0,s,232,,52,5.1,,1,20,2,243856,314,18,3,38,Season long to Huddersfield Town,3.0,2,1,5,399,0.56,1,288
</dataframe>




Update this initial code:
```python
# TODO: import the required dependencies
import pandas as pd

# Write code here

# Declare result var: 
type (possible values "string", "number", "dataframe", "plot"). Examples: { "type": "string", "value": f"The highest salary is {highest_salary}." } or { "type": "number", "value": 125 } or { "type": "dataframe", "value": pd.DataFrame({...}) } or { "type": "plot", "value": "temp_chart.png" }

```



### QUERY
 who are the top 10 with the highest threat rank type


Variable `dfs: list[pd.DataFrame]` is already declared.

At the end, declare "result" variable as a dictionary of type and value.

If you are asked to plot a chart, use "matplotlib" for charts, save as png.


Generate python code and return full updated code:
            
2024-11-09 19:41:32 [INFO] Code generated:
            ```
            # TODO: import the required dependencies
import pandas as pd

# Write code here
top_10_threat_rank_type = dfs[0].nlargest(10, 'threat_rank_type')

result = {"type": "dataframe", "value": top_10_threat_rank_type}
            ```
            
2024-11-09 19:41:32 [INFO] Executing Step 4: CachePopulation
2024-11-09 19:41:32 [INFO] Executing Step 5: CodeCleaning
2024-11-09 19:41:32 [INFO] 
Code running:
```
top_10_threat_rank_type = dfs[0].nlargest(10, 'threat_rank_type')
result = {'type': 'dataframe', 'value': top_10_threat_rank_type}
        ```
2024-11-09 19:41:32 [INFO] Executing Step 6: CodeExecution
2024-11-09 19:41:32 [INFO] Executing Step 7: ResultValidation
2024-11-09 19:41:32 [INFO] Answer: {'type': 'dataframe', 'value':       id                       name  ...  penalties_saved threat_rank_type
39    34               Moussa Diaby  ...                0              303
151  132                Solly March  ...                0              302
144  125                Pascal Groß  ...                0              301
423  360  Rodrigo 'Rodri' Hernandez  ...                0              300
193  169            Conor Gallagher  ...                0              299
190  166      Kiernan Dewsbury-Hall  ...                0              298
175  629               Matt O'Riley  ...                0              297
46    41        Samuel Iling-Junior  ...                0              296
0      1      Fábio Ferreira Vieira  ...                0              295
588  502              Manor Solomon  ...                0              294

[10 rows x 80 columns]}
2024-11-09 19:41:32 [INFO] Executing Step 8: ResultParsing
2024-11-09 19:43:29 [INFO] Question: who are the top 10 with the lowest  threat_rank_type

2024-11-09 19:43:29 [INFO] Running PandasAI with openai LLM...
2024-11-09 19:43:29 [INFO] Prompt ID: a397b719-7801-4f1d-88b3-80dc10f6feae
2024-11-09 19:43:29 [INFO] Executing Pipeline: GenerateChatPipeline
2024-11-09 19:43:29 [INFO] Executing Step 0: ValidatePipelineInput
2024-11-09 19:43:29 [INFO] Executing Step 1: CacheLookup
2024-11-09 19:43:29 [INFO] Executing Step 2: PromptGeneration
2024-11-09 19:43:29 [INFO] Using prompt: <dataframe>
dfs[0]:666x80
id,name,now_cost,position,team,ep_next,points_per_game_rank,selected_rank_type,influence,saves_per_90,goals_conceded_per_90,points_per_game_rank_type,web_name,creativity_rank_type,in_dreamteam,ict_index_rank_type,transfers_out_event,threat,bonus,red_cards,dreamteam_count,form_rank,influence_rank_type,influence_rank,region,form_rank_type,transfers_in_event,assists,selected_by_percent,value_season,expected_goals,clean_sheets,corners_and_indirect_freekicks_order,expected_assists_per_90,cost_change_event_fall,creativity,goals_scored,value_form,expected_assists,penalties_missed,form,chance_of_playing_next_round,event_points,clean_sheets_per_90,transfers_out,now_cost_rank,now_cost_rank_type,ict_index_rank,goals_conceded,expected_goals_conceded,direct_freekicks_order,ep_this,starts_per_90,expected_goals_conceded_per_90,expected_goal_involvements_per_90,expected_goals_per_90,ict_index,status,threat_rank,news_added,creativity_rank,points_per_game,chance_of_playing_this_round,cost_change_event,bps,starts,transfers_in,selected_rank,saves,yellow_cards,total_points,news,penalties_order,cost_change_start,own_goals,cost_change_start_fall,minutes,expected_goal_involvements,penalties_saved,threat_rank_type
482,Omari Kellyman,46,GKP,Chelsea,4.7,59,276,224.0,7.0,1.05,178,McGinn,30,True,47,74828,74.0,4,1,0,15,171,431,,221,7459,7,2.0,1.9,0.38,3,2.0,0.02,-1,25.2,5,0.9,0.01,0,13.0,,3,0.35,11303,261,250,269,2,3.1,,5.7,0.41,1.91,0.66,0.4,7.2,s,202,,432,1.7,25.0,0,78,5,444,347,21,2,37,Loaned to Valencia CF,3.0,-3,1,-4,523,0.39,1,59
574,Lucas Digne,39,MID,West Ham,2.0,441,190,53.6,4.4,1.69,301,H.Bueno,141,True,77,116843,58.0,9,0,3,60,179,224,90.0,151,2810,3,2.6,6.2,0.22,4,,0.25,0,61.6,3,1.2,0.74,0,6.3,25.0,8,0.5,244578,192,302,191,16,12.19,1.0,0.9,0.75,2.19,0.62,0.42,2.8,i,34,2024-09-01T09:10:00.945219Z,77,0.6,,1,56,6,23128,38,1,3,34,,,-2,1,-1,343,1.44,0,201
170,Jesurun Rak-Sakyi,83,DEF,Bournemouth,6.0,515,34,36.2,3.5,0.5,75,Kelly,167,False,76,60833,26.0,0,1,1,266,172,362,229.0,166,137,2,4.2,3.7,2.85,1,6.0,0.19,1,0.8,2,0.7,1.08,1,7.3,75.0,18,0.57,72175,624,267,481,6,2.9,4.0,0.7,1.34,1.0,2.7,0.49,17.1,u,20,2024-08-15T14:30:05.827079Z,224,1.6,100.0,-1,100,2,3851,488,22,1,32,Permanent transfer to Borussia Dortmund,4.0,4,0,4,3,0.7,0,95
</dataframe>




Update this initial code:
```python
# TODO: import the required dependencies
import pandas as pd

# Write code here

# Declare result var: 
type (possible values "string", "number", "dataframe", "plot"). Examples: { "type": "string", "value": f"The highest salary is {highest_salary}." } or { "type": "number", "value": 125 } or { "type": "dataframe", "value": pd.DataFrame({...}) } or { "type": "plot", "value": "temp_chart.png" }

```



### QUERY
 who are the top 10 with the lowest  threat_rank_type


Variable `dfs: list[pd.DataFrame]` is already declared.

At the end, declare "result" variable as a dictionary of type and value.

If you are asked to plot a chart, use "matplotlib" for charts, save as png.


Generate python code and return full updated code:
2024-11-09 19:43:29 [INFO] Executing Step 3: CodeGenerator
2024-11-09 19:43:31 [INFO] Prompt used:
            <dataframe>
dfs[0]:666x80
id,name,now_cost,position,team,ep_next,points_per_game_rank,selected_rank_type,influence,saves_per_90,goals_conceded_per_90,points_per_game_rank_type,web_name,creativity_rank_type,in_dreamteam,ict_index_rank_type,transfers_out_event,threat,bonus,red_cards,dreamteam_count,form_rank,influence_rank_type,influence_rank,region,form_rank_type,transfers_in_event,assists,selected_by_percent,value_season,expected_goals,clean_sheets,corners_and_indirect_freekicks_order,expected_assists_per_90,cost_change_event_fall,creativity,goals_scored,value_form,expected_assists,penalties_missed,form,chance_of_playing_next_round,event_points,clean_sheets_per_90,transfers_out,now_cost_rank,now_cost_rank_type,ict_index_rank,goals_conceded,expected_goals_conceded,direct_freekicks_order,ep_this,starts_per_90,expected_goals_conceded_per_90,expected_goal_involvements_per_90,expected_goals_per_90,ict_index,status,threat_rank,news_added,creativity_rank,points_per_game,chance_of_playing_this_round,cost_change_event,bps,starts,transfers_in,selected_rank,saves,yellow_cards,total_points,news,penalties_order,cost_change_start,own_goals,cost_change_start_fall,minutes,expected_goal_involvements,penalties_saved,threat_rank_type
482,Omari Kellyman,46,GKP,Chelsea,4.7,59,276,224.0,7.0,1.05,178,McGinn,30,True,47,74828,74.0,4,1,0,15,171,431,,221,7459,7,2.0,1.9,0.38,3,2.0,0.02,-1,25.2,5,0.9,0.01,0,13.0,,3,0.35,11303,261,250,269,2,3.1,,5.7,0.41,1.91,0.66,0.4,7.2,s,202,,432,1.7,25.0,0,78,5,444,347,21,2,37,Loaned to Valencia CF,3.0,-3,1,-4,523,0.39,1,59
574,Lucas Digne,39,MID,West Ham,2.0,441,190,53.6,4.4,1.69,301,H.Bueno,141,True,77,116843,58.0,9,0,3,60,179,224,90.0,151,2810,3,2.6,6.2,0.22,4,,0.25,0,61.6,3,1.2,0.74,0,6.3,25.0,8,0.5,244578,192,302,191,16,12.19,1.0,0.9,0.75,2.19,0.62,0.42,2.8,i,34,2024-09-01T09:10:00.945219Z,77,0.6,,1,56,6,23128,38,1,3,34,,,-2,1,-1,343,1.44,0,201
170,Jesurun Rak-Sakyi,83,DEF,Bournemouth,6.0,515,34,36.2,3.5,0.5,75,Kelly,167,False,76,60833,26.0,0,1,1,266,172,362,229.0,166,137,2,4.2,3.7,2.85,1,6.0,0.19,1,0.8,2,0.7,1.08,1,7.3,75.0,18,0.57,72175,624,267,481,6,2.9,4.0,0.7,1.34,1.0,2.7,0.49,17.1,u,20,2024-08-15T14:30:05.827079Z,224,1.6,100.0,-1,100,2,3851,488,22,1,32,Permanent transfer to Borussia Dortmund,4.0,4,0,4,3,0.7,0,95
</dataframe>




Update this initial code:
```python
# TODO: import the required dependencies
import pandas as pd

# Write code here

# Declare result var: 
type (possible values "string", "number", "dataframe", "plot"). Examples: { "type": "string", "value": f"The highest salary is {highest_salary}." } or { "type": "number", "value": 125 } or { "type": "dataframe", "value": pd.DataFrame({...}) } or { "type": "plot", "value": "temp_chart.png" }

```



### QUERY
 who are the top 10 with the lowest  threat_rank_type


Variable `dfs: list[pd.DataFrame]` is already declared.

At the end, declare "result" variable as a dictionary of type and value.

If you are asked to plot a chart, use "matplotlib" for charts, save as png.


Generate python code and return full updated code:
            
2024-11-09 19:43:31 [INFO] Code generated:
            ```
            # TODO: import the required dependencies
import pandas as pd

# Write code here
lowest_threat_rank_type = sorted(dfs[0].to_dict(orient='records'), key=lambda x: x['threat_rank_type'])[:10]
result = {"type": "dataframe", "value": pd.DataFrame(lowest_threat_rank_type)}
            ```
            
2024-11-09 19:43:31 [INFO] Executing Step 4: CachePopulation
2024-11-09 19:43:31 [INFO] Executing Step 5: CodeCleaning
2024-11-09 19:43:31 [INFO] 
Code running:
```
lowest_threat_rank_type = sorted(dfs[0].to_dict(orient='records'), key=lambda x: x['threat_rank_type'])[:10]
result = {'type': 'dataframe', 'value': pd.DataFrame(lowest_threat_rank_type)}
        ```
2024-11-09 19:43:31 [INFO] Executing Step 6: CodeExecution
2024-11-09 19:43:31 [INFO] Executing Step 7: ResultValidation
2024-11-09 19:43:31 [INFO] Answer: {'type': 'dataframe', 'value':     id                          name  ...  penalties_saved threat_rank_type
0    3  Gabriel dos Santos Magalhães  ...                0                1
1  201                Dean Henderson  ...                0                1
2  328                 Mohamed Salah  ...                0                1
3  351                Erling Haaland  ...                0                1
4    4                   Kai Havertz  ...                0                2
5   17                   Bukayo Saka  ...                0                2
6  344                  Scott Carson  ...                0                2
7  593              Matthijs de Ligt  ...                0                2
8   88                Nathan Collins  ...                0                3
9  180               Nicolas Jackson  ...                0                3

[10 rows x 80 columns]}
2024-11-09 19:43:31 [INFO] Executing Step 8: ResultParsing
2024-11-09 21:54:01 [INFO] Question: who are the top 10 with the lowest  threat_rank_type

2024-11-09 21:54:01 [INFO] Running PandasAI with openai LLM...
2024-11-09 21:54:01 [INFO] Prompt ID: 4d5949d5-95f5-41cd-af43-bc2c9c7cc4e9
2024-11-09 21:54:01 [INFO] Executing Pipeline: GenerateChatPipeline
2024-11-09 21:54:01 [INFO] Executing Step 0: ValidatePipelineInput
2024-11-09 21:54:01 [INFO] Executing Step 1: CacheLookup
2024-11-09 21:54:01 [INFO] Using cached response
2024-11-09 21:54:01 [INFO] Executing Step 2: PromptGeneration
2024-11-09 21:54:01 [INFO] Executing Step 2: Skipping...
2024-11-09 21:54:01 [INFO] Executing Step 3: CodeGenerator
2024-11-09 21:54:01 [INFO] Executing Step 3: Skipping...
2024-11-09 21:54:01 [INFO] Executing Step 4: CachePopulation
2024-11-09 21:54:01 [INFO] Executing Step 4: Skipping...
2024-11-09 21:54:01 [INFO] Executing Step 5: CodeCleaning
2024-11-09 21:54:01 [INFO] 
Code running:
```
lowest_threat_rank_type = sorted(dfs[0].to_dict(orient='records'), key=lambda x: x['threat_rank_type'])[:10]
result = {'type': 'dataframe', 'value': pd.DataFrame(lowest_threat_rank_type)}
        ```
2024-11-09 21:54:01 [INFO] Executing Step 6: CodeExecution
2024-11-09 21:54:01 [INFO] Executing Step 7: ResultValidation
2024-11-09 21:54:01 [INFO] Answer: {'type': 'dataframe', 'value':     id                          name  now_cost position  ... minutes  expected_goal_involvements  penalties_saved  threat_rank_type
0    3  Gabriel dos Santos Magalhães        62      DEF  ...     630                        1.62                0                 1
1  201                Dean Henderson        45      GKP  ...     630                        0.01                0                 1
2  328                 Mohamed Salah       127      MID  ...     604                        5.37                0                 1
3  351                Erling Haaland       154      FWD  ...     629                        6.76                0                 1
4    4                   Kai Havertz        83      FWD  ...     630                        4.49                0                 2
5   17                   Bukayo Saka       101      MID  ...     566                        5.15                0                 2
6  344                  Scott Carson        40      GKP  ...       0                        0.00                0                 2
7  593              Matthijs de Ligt        50      DEF  ...     399                        1.13                0                 2
8   88                Nathan Collins        45      DEF  ...     630                        1.54                0                 3
9  180               Nicolas Jackson        79      FWD  ...     521                        5.15                0                 3

[10 rows x 80 columns]}
2024-11-09 21:54:01 [INFO] Executing Step 8: ResultParsing
2024-11-09 21:55:59 [INFO] Question: How many Arsenal players are there in the table
2024-11-09 21:55:59 [INFO] Running PandasAI with openai LLM...
2024-11-09 21:55:59 [INFO] Prompt ID: 0965940a-87a9-4e98-a1de-c541ed4fc947
2024-11-09 21:55:59 [INFO] Executing Pipeline: GenerateChatPipeline
2024-11-09 21:55:59 [INFO] Executing Step 0: ValidatePipelineInput
2024-11-09 21:55:59 [INFO] Executing Step 1: CacheLookup
2024-11-09 21:55:59 [INFO] Executing Step 2: PromptGeneration
2024-11-09 21:55:59 [INFO] Using prompt: <dataframe>
dfs[0]:666x80
id,name,now_cost,position,team,ep_next,points_per_game_rank,selected_rank_type,influence,saves_per_90,goals_conceded_per_90,points_per_game_rank_type,web_name,creativity_rank_type,in_dreamteam,ict_index_rank_type,transfers_out_event,threat,bonus,red_cards,dreamteam_count,form_rank,influence_rank_type,influence_rank,region,form_rank_type,transfers_in_event,assists,selected_by_percent,value_season,expected_goals,clean_sheets,corners_and_indirect_freekicks_order,expected_assists_per_90,cost_change_event_fall,creativity,goals_scored,value_form,expected_assists,penalties_missed,form,chance_of_playing_next_round,event_points,clean_sheets_per_90,transfers_out,now_cost_rank,now_cost_rank_type,ict_index_rank,goals_conceded,expected_goals_conceded,direct_freekicks_order,ep_this,starts_per_90,expected_goals_conceded_per_90,expected_goal_involvements_per_90,expected_goals_per_90,ict_index,status,threat_rank,news_added,creativity_rank,points_per_game,chance_of_playing_this_round,cost_change_event,bps,starts,transfers_in,selected_rank,saves,yellow_cards,total_points,news,penalties_order,cost_change_start,own_goals,cost_change_start_fall,minutes,expected_goal_involvements,penalties_saved,threat_rank_type
148,Dara O'Shea,50,MID,Man Utd,8.3,181,179,18.2,2.4,0.92,198,Holding,90,True,118,624,206.0,2,1,3,72,256,32,,27,69,1,9.2,3.4,1.48,1,1.0,0.0,-1,25.0,4,1.7,1.98,0,8.3,50.0,1,0.38,14389,406,171,106,3,7.05,5.0,-0.4,1.02,3.38,0.32,0.28,0.2,s,191,2024-09-21T20:30:05.767628Z,186,0.7,25.0,0,54,7,3761,527,22,0,41,Loaned to Stoke City,4.0,-4,1,-3,25,0.67,1,218
43,Jaden Philogene,59,DEF,Crystal Palace,3.5,294,120,9.6,2.46,0.16,112,Hudson-Odoi,96,True,259,91,157.0,11,0,2,153,54,97,168.0,299,685,7,15.2,1.2,0.76,4,4.0,0.13,0,103.9,5,1.1,1.04,1,6.0,,9,0.8,412453,400,29,97,7,5.49,,3.7,0.89,2.63,0.49,0.69,64.8,n,12,2024-09-19T14:30:05.586621Z,380,2.7,100.0,1,130,0,55456,597,6,3,3,Loaned to Blackpool,,2,0,2,422,0.11,1,189
129,Nathan Fraser,46,GKP,West Ham,2.2,166,125,16.4,7.0,2.93,147,C.Doucouré,2,False,281,340,40.0,7,1,1,544,152,16,90.0,233,122,3,2.8,2.2,0.0,3,,0.05,1,91.1,1,0.0,0.04,1,1.0,100.0,16,0.23,17448,631,183,270,4,9.43,3.0,-1.5,1.0,1.97,0.77,0.12,24.1,i,416,,620,5.4,,-1,-6,5,773221,281,2,4,11,,3.0,3,1,3,421,1.47,0,7
</dataframe>




Update this initial code:
```python
# TODO: import the required dependencies
import pandas as pd

# Write code here

# Declare result var: 
type (possible values "string", "number", "dataframe", "plot"). Examples: { "type": "string", "value": f"The highest salary is {highest_salary}." } or { "type": "number", "value": 125 } or { "type": "dataframe", "value": pd.DataFrame({...}) } or { "type": "plot", "value": "temp_chart.png" }

```



### QUERY
 How many Arsenal players are there in the table

Variable `dfs: list[pd.DataFrame]` is already declared.

At the end, declare "result" variable as a dictionary of type and value.

If you are asked to plot a chart, use "matplotlib" for charts, save as png.


Generate python code and return full updated code:
2024-11-09 21:55:59 [INFO] Executing Step 3: CodeGenerator
2024-11-09 21:56:01 [INFO] Prompt used:
            <dataframe>
dfs[0]:666x80
id,name,now_cost,position,team,ep_next,points_per_game_rank,selected_rank_type,influence,saves_per_90,goals_conceded_per_90,points_per_game_rank_type,web_name,creativity_rank_type,in_dreamteam,ict_index_rank_type,transfers_out_event,threat,bonus,red_cards,dreamteam_count,form_rank,influence_rank_type,influence_rank,region,form_rank_type,transfers_in_event,assists,selected_by_percent,value_season,expected_goals,clean_sheets,corners_and_indirect_freekicks_order,expected_assists_per_90,cost_change_event_fall,creativity,goals_scored,value_form,expected_assists,penalties_missed,form,chance_of_playing_next_round,event_points,clean_sheets_per_90,transfers_out,now_cost_rank,now_cost_rank_type,ict_index_rank,goals_conceded,expected_goals_conceded,direct_freekicks_order,ep_this,starts_per_90,expected_goals_conceded_per_90,expected_goal_involvements_per_90,expected_goals_per_90,ict_index,status,threat_rank,news_added,creativity_rank,points_per_game,chance_of_playing_this_round,cost_change_event,bps,starts,transfers_in,selected_rank,saves,yellow_cards,total_points,news,penalties_order,cost_change_start,own_goals,cost_change_start_fall,minutes,expected_goal_involvements,penalties_saved,threat_rank_type
148,Dara O'Shea,50,MID,Man Utd,8.3,181,179,18.2,2.4,0.92,198,Holding,90,True,118,624,206.0,2,1,3,72,256,32,,27,69,1,9.2,3.4,1.48,1,1.0,0.0,-1,25.0,4,1.7,1.98,0,8.3,50.0,1,0.38,14389,406,171,106,3,7.05,5.0,-0.4,1.02,3.38,0.32,0.28,0.2,s,191,2024-09-21T20:30:05.767628Z,186,0.7,25.0,0,54,7,3761,527,22,0,41,Loaned to Stoke City,4.0,-4,1,-3,25,0.67,1,218
43,Jaden Philogene,59,DEF,Crystal Palace,3.5,294,120,9.6,2.46,0.16,112,Hudson-Odoi,96,True,259,91,157.0,11,0,2,153,54,97,168.0,299,685,7,15.2,1.2,0.76,4,4.0,0.13,0,103.9,5,1.1,1.04,1,6.0,,9,0.8,412453,400,29,97,7,5.49,,3.7,0.89,2.63,0.49,0.69,64.8,n,12,2024-09-19T14:30:05.586621Z,380,2.7,100.0,1,130,0,55456,597,6,3,3,Loaned to Blackpool,,2,0,2,422,0.11,1,189
129,Nathan Fraser,46,GKP,West Ham,2.2,166,125,16.4,7.0,2.93,147,C.Doucouré,2,False,281,340,40.0,7,1,1,544,152,16,90.0,233,122,3,2.8,2.2,0.0,3,,0.05,1,91.1,1,0.0,0.04,1,1.0,100.0,16,0.23,17448,631,183,270,4,9.43,3.0,-1.5,1.0,1.97,0.77,0.12,24.1,i,416,,620,5.4,,-1,-6,5,773221,281,2,4,11,,3.0,3,1,3,421,1.47,0,7
</dataframe>




Update this initial code:
```python
# TODO: import the required dependencies
import pandas as pd

# Write code here

# Declare result var: 
type (possible values "string", "number", "dataframe", "plot"). Examples: { "type": "string", "value": f"The highest salary is {highest_salary}." } or { "type": "number", "value": 125 } or { "type": "dataframe", "value": pd.DataFrame({...}) } or { "type": "plot", "value": "temp_chart.png" }

```



### QUERY
 How many Arsenal players are there in the table

Variable `dfs: list[pd.DataFrame]` is already declared.

At the end, declare "result" variable as a dictionary of type and value.

If you are asked to plot a chart, use "matplotlib" for charts, save as png.


Generate python code and return full updated code:
            
2024-11-09 21:56:01 [INFO] Code generated:
            ```
            # TODO: import the required dependencies
import pandas as pd

# Write code here
arsenal_players = sum(dfs[0]['team'] == 'Arsenal')

# Declare result var
result = { "type": "number", "value": arsenal_players }
            ```
            
2024-11-09 21:56:01 [INFO] Executing Step 4: CachePopulation
2024-11-09 21:56:01 [INFO] Executing Step 5: CodeCleaning
2024-11-09 21:56:01 [INFO] 
Code running:
```
arsenal_players = sum(dfs[0]['team'] == 'Arsenal')
result = {'type': 'number', 'value': arsenal_players}
        ```
2024-11-09 21:56:01 [INFO] Executing Step 6: CodeExecution
2024-11-09 21:56:01 [INFO] Executing Step 7: ResultValidation
2024-11-09 21:56:01 [INFO] Answer: {'type': 'number', 'value': 33}
2024-11-09 21:56:01 [INFO] Executing Step 8: ResultParsing
2024-11-09 21:56:59 [INFO] Question: How many Arsenal players are there in the table
2024-11-09 21:56:59 [INFO] Running PandasAI with openai LLM...
2024-11-09 21:56:59 [INFO] Prompt ID: 0470de53-ff30-4cc8-93c4-e80793cbab57
2024-11-09 21:56:59 [INFO] Executing Pipeline: GenerateChatPipeline
2024-11-09 21:56:59 [INFO] Executing Step 0: ValidatePipelineInput
2024-11-09 21:56:59 [INFO] Executing Step 1: CacheLookup
2024-11-09 21:56:59 [INFO] Using cached response
2024-11-09 21:56:59 [INFO] Executing Step 2: PromptGeneration
2024-11-09 21:56:59 [INFO] Executing Step 2: Skipping...
2024-11-09 21:56:59 [INFO] Executing Step 3: CodeGenerator
2024-11-09 21:56:59 [INFO] Executing Step 3: Skipping...
2024-11-09 21:56:59 [INFO] Executing Step 4: CachePopulation
2024-11-09 21:56:59 [INFO] Executing Step 4: Skipping...
2024-11-09 21:56:59 [INFO] Executing Step 5: CodeCleaning
2024-11-09 21:56:59 [INFO] 
Code running:
```
arsenal_players = sum(dfs[0]['team'] == 'Arsenal')
result = {'type': 'number', 'value': arsenal_players}
        ```
2024-11-09 21:56:59 [INFO] Executing Step 6: CodeExecution
2024-11-09 21:56:59 [INFO] Executing Step 7: ResultValidation
2024-11-09 21:56:59 [INFO] Answer: {'type': 'number', 'value': 33}
2024-11-09 21:56:59 [INFO] Executing Step 8: ResultParsing
2024-11-09 21:57:54 [INFO] Question: What is the total bonus for all the arsenal players combined

2024-11-09 21:57:54 [INFO] Running PandasAI with openai LLM...
2024-11-09 21:57:54 [INFO] Prompt ID: b92a086d-99e3-40e1-b5ae-cdfdf01c369d
2024-11-09 21:57:54 [INFO] Executing Pipeline: GenerateChatPipeline
2024-11-09 21:57:54 [INFO] Executing Step 0: ValidatePipelineInput
2024-11-09 21:57:54 [INFO] Executing Step 1: CacheLookup
2024-11-09 21:57:54 [INFO] Executing Step 2: PromptGeneration
2024-11-09 21:57:54 [INFO] Using prompt: <dataframe>
dfs[0]:666x80
id,name,now_cost,position,team,ep_next,points_per_game_rank,selected_rank_type,influence,saves_per_90,goals_conceded_per_90,points_per_game_rank_type,web_name,creativity_rank_type,in_dreamteam,ict_index_rank_type,transfers_out_event,threat,bonus,red_cards,dreamteam_count,form_rank,influence_rank_type,influence_rank,region,form_rank_type,transfers_in_event,assists,selected_by_percent,value_season,expected_goals,clean_sheets,corners_and_indirect_freekicks_order,expected_assists_per_90,cost_change_event_fall,creativity,goals_scored,value_form,expected_assists,penalties_missed,form,chance_of_playing_next_round,event_points,clean_sheets_per_90,transfers_out,now_cost_rank,now_cost_rank_type,ict_index_rank,goals_conceded,expected_goals_conceded,direct_freekicks_order,ep_this,starts_per_90,expected_goals_conceded_per_90,expected_goal_involvements_per_90,expected_goals_per_90,ict_index,status,threat_rank,news_added,creativity_rank,points_per_game,chance_of_playing_this_round,cost_change_event,bps,starts,transfers_in,selected_rank,saves,yellow_cards,total_points,news,penalties_order,cost_change_start,own_goals,cost_change_start_fall,minutes,expected_goal_involvements,penalties_saved,threat_rank_type
63,Filip Jørgensen,108,DEF,Crystal Palace,1.1,422,134,102.0,8.18,2.34,158,Brereton Díaz,104,True,53,14019,199.0,6,0,2,576,186,648,,63,459,0,6.8,1.1,2.15,2,1.0,0.12,1,23.9,6,1.2,0.58,0,3.7,25.0,0,1.04,105633,260,165,129,2,7.25,,8.2,0.83,1.69,0.85,0.75,101.4,u,530,2024-10-08T11:00:07.389122Z,285,0.3,50.0,0,34,4,2678,559,18,4,33,Season long loan to Port Vale,2.0,4,1,-2,11,4.19,1,73
280,Joe Gomez,52,GKP,Leicester,7.2,104,300,15.4,2.14,1.0,250,Hodge,248,False,232,31176,225.0,9,1,1,394,159,210,168.0,151,971,2,9.0,7.2,0.32,0,,0.17,0,184.9,10,0.4,0.08,1,13.0,,3,0.5,27374,206,80,561,5,3.67,1.0,7.7,1.02,1.08,0.59,0.15,34.8,a,327,,484,1.6,,1,-2,5,1560,473,16,1,51,Loaned to Feyenoord,,-3,1,0,544,1.01,0,181
445,Tom Cairney,154,FWD,Liverpool,3.5,391,269,150.8,4.71,0.9,129,Heaton,53,False,39,2574,53.0,10,1,0,385,197,382,80.0,95,1842,3,27.1,5.6,0.5,3,3.0,0.24,-1,205.4,1,0.2,0.28,0,5.0,75.0,11,0.81,19679,53,87,546,14,11.23,2.0,5.3,0.8,1.29,0.64,1.3,21.8,i,286,2024-09-15T23:00:06.018330Z,11,7.3,0.0,-1,78,7,186798,625,3,0,24,,1.0,0,0,1,326,1.24,0,121
</dataframe>




Update this initial code:
```python
# TODO: import the required dependencies
import pandas as pd

# Write code here

# Declare result var: 
type (possible values "string", "number", "dataframe", "plot"). Examples: { "type": "string", "value": f"The highest salary is {highest_salary}." } or { "type": "number", "value": 125 } or { "type": "dataframe", "value": pd.DataFrame({...}) } or { "type": "plot", "value": "temp_chart.png" }

```



### QUERY
 What is the total bonus for all the arsenal players combined


Variable `dfs: list[pd.DataFrame]` is already declared.

At the end, declare "result" variable as a dictionary of type and value.

If you are asked to plot a chart, use "matplotlib" for charts, save as png.


Generate python code and return full updated code:
2024-11-09 21:57:54 [INFO] Executing Step 3: CodeGenerator
2024-11-09 21:57:56 [INFO] Prompt used:
            <dataframe>
dfs[0]:666x80
id,name,now_cost,position,team,ep_next,points_per_game_rank,selected_rank_type,influence,saves_per_90,goals_conceded_per_90,points_per_game_rank_type,web_name,creativity_rank_type,in_dreamteam,ict_index_rank_type,transfers_out_event,threat,bonus,red_cards,dreamteam_count,form_rank,influence_rank_type,influence_rank,region,form_rank_type,transfers_in_event,assists,selected_by_percent,value_season,expected_goals,clean_sheets,corners_and_indirect_freekicks_order,expected_assists_per_90,cost_change_event_fall,creativity,goals_scored,value_form,expected_assists,penalties_missed,form,chance_of_playing_next_round,event_points,clean_sheets_per_90,transfers_out,now_cost_rank,now_cost_rank_type,ict_index_rank,goals_conceded,expected_goals_conceded,direct_freekicks_order,ep_this,starts_per_90,expected_goals_conceded_per_90,expected_goal_involvements_per_90,expected_goals_per_90,ict_index,status,threat_rank,news_added,creativity_rank,points_per_game,chance_of_playing_this_round,cost_change_event,bps,starts,transfers_in,selected_rank,saves,yellow_cards,total_points,news,penalties_order,cost_change_start,own_goals,cost_change_start_fall,minutes,expected_goal_involvements,penalties_saved,threat_rank_type
63,Filip Jørgensen,108,DEF,Crystal Palace,1.1,422,134,102.0,8.18,2.34,158,Brereton Díaz,104,True,53,14019,199.0,6,0,2,576,186,648,,63,459,0,6.8,1.1,2.15,2,1.0,0.12,1,23.9,6,1.2,0.58,0,3.7,25.0,0,1.04,105633,260,165,129,2,7.25,,8.2,0.83,1.69,0.85,0.75,101.4,u,530,2024-10-08T11:00:07.389122Z,285,0.3,50.0,0,34,4,2678,559,18,4,33,Season long loan to Port Vale,2.0,4,1,-2,11,4.19,1,73
280,Joe Gomez,52,GKP,Leicester,7.2,104,300,15.4,2.14,1.0,250,Hodge,248,False,232,31176,225.0,9,1,1,394,159,210,168.0,151,971,2,9.0,7.2,0.32,0,,0.17,0,184.9,10,0.4,0.08,1,13.0,,3,0.5,27374,206,80,561,5,3.67,1.0,7.7,1.02,1.08,0.59,0.15,34.8,a,327,,484,1.6,,1,-2,5,1560,473,16,1,51,Loaned to Feyenoord,,-3,1,0,544,1.01,0,181
445,Tom Cairney,154,FWD,Liverpool,3.5,391,269,150.8,4.71,0.9,129,Heaton,53,False,39,2574,53.0,10,1,0,385,197,382,80.0,95,1842,3,27.1,5.6,0.5,3,3.0,0.24,-1,205.4,1,0.2,0.28,0,5.0,75.0,11,0.81,19679,53,87,546,14,11.23,2.0,5.3,0.8,1.29,0.64,1.3,21.8,i,286,2024-09-15T23:00:06.018330Z,11,7.3,0.0,-1,78,7,186798,625,3,0,24,,1.0,0,0,1,326,1.24,0,121
</dataframe>




Update this initial code:
```python
# TODO: import the required dependencies
import pandas as pd

# Write code here

# Declare result var: 
type (possible values "string", "number", "dataframe", "plot"). Examples: { "type": "string", "value": f"The highest salary is {highest_salary}." } or { "type": "number", "value": 125 } or { "type": "dataframe", "value": pd.DataFrame({...}) } or { "type": "plot", "value": "temp_chart.png" }

```



### QUERY
 What is the total bonus for all the arsenal players combined


Variable `dfs: list[pd.DataFrame]` is already declared.

At the end, declare "result" variable as a dictionary of type and value.

If you are asked to plot a chart, use "matplotlib" for charts, save as png.


Generate python code and return full updated code:
            
2024-11-09 21:57:56 [INFO] Code generated:
            ```
            # TODO: import the required dependencies
import pandas as pd

# Write code here
total_bonus_arsenal = sum(dfs[0][dfs[0]['team'] == 'Arsenal']['bonus'])

# Declare result var
result = { "type": "number", "value": total_bonus_arsenal }
            ```
            
2024-11-09 21:57:56 [INFO] Executing Step 4: CachePopulation
2024-11-09 21:57:56 [INFO] Executing Step 5: CodeCleaning
2024-11-09 21:57:56 [INFO] 
Code running:
```
total_bonus_arsenal = sum(dfs[0][dfs[0]['team'] == 'Arsenal']['bonus'])
result = {'type': 'number', 'value': total_bonus_arsenal}
        ```
2024-11-09 21:57:56 [INFO] Executing Step 6: CodeExecution
2024-11-09 21:57:56 [INFO] Executing Step 7: ResultValidation
2024-11-09 21:57:56 [INFO] Answer: {'type': 'number', 'value': 35}
2024-11-09 21:57:56 [INFO] Executing Step 8: ResultParsing
2024-11-09 22:05:19 [INFO] Question: What is the total bonus for all the arsenal players combined

2024-11-09 22:05:19 [INFO] Running PandasAI with openai LLM...
2024-11-09 22:05:19 [INFO] Prompt ID: 224b5110-0e14-4af1-9e7d-2886ba73214a
2024-11-09 22:05:19 [INFO] Executing Pipeline: GenerateChatPipeline
2024-11-09 22:05:19 [INFO] Executing Step 0: ValidatePipelineInput
2024-11-09 22:05:19 [INFO] Executing Step 1: CacheLookup
2024-11-09 22:05:19 [INFO] Using cached response
2024-11-09 22:05:19 [INFO] Executing Step 2: PromptGeneration
2024-11-09 22:05:19 [INFO] Executing Step 2: Skipping...
2024-11-09 22:05:19 [INFO] Executing Step 3: CodeGenerator
2024-11-09 22:05:19 [INFO] Executing Step 3: Skipping...
2024-11-09 22:05:19 [INFO] Executing Step 4: CachePopulation
2024-11-09 22:05:19 [INFO] Executing Step 4: Skipping...
2024-11-09 22:05:19 [INFO] Executing Step 5: CodeCleaning
2024-11-09 22:05:19 [INFO] 
Code running:
```
total_bonus_arsenal = sum(dfs[0][dfs[0]['team'] == 'Arsenal']['bonus'])
result = {'type': 'number', 'value': total_bonus_arsenal}
        ```
2024-11-09 22:05:19 [INFO] Executing Step 6: CodeExecution
2024-11-09 22:05:19 [INFO] Executing Step 7: ResultValidation
2024-11-09 22:05:19 [INFO] Answer: {'type': 'number', 'value': 35}
2024-11-09 22:05:19 [INFO] Executing Step 8: ResultParsing
2024-11-09 22:06:43 [INFO] Question: Who is the player with the highest expected goal involvments

2024-11-09 22:06:43 [INFO] Running PandasAI with openai LLM...
2024-11-09 22:06:43 [INFO] Prompt ID: 4afa7650-1bb3-42a2-8e23-c3b2023af8e4
2024-11-09 22:06:43 [INFO] Executing Pipeline: GenerateChatPipeline
2024-11-09 22:06:43 [INFO] Executing Step 0: ValidatePipelineInput
2024-11-09 22:06:43 [INFO] Executing Step 1: CacheLookup
2024-11-09 22:06:43 [INFO] Executing Step 2: PromptGeneration
2024-11-09 22:06:43 [INFO] Using prompt: <dataframe>
dfs[0]:666x80
id,name,now_cost,position,team,ep_next,points_per_game_rank,selected_rank_type,influence,saves_per_90,goals_conceded_per_90,points_per_game_rank_type,web_name,creativity_rank_type,in_dreamteam,ict_index_rank_type,transfers_out_event,threat,bonus,red_cards,dreamteam_count,form_rank,influence_rank_type,influence_rank,region,form_rank_type,transfers_in_event,assists,selected_by_percent,value_season,expected_goals,clean_sheets,corners_and_indirect_freekicks_order,expected_assists_per_90,cost_change_event_fall,creativity,goals_scored,value_form,expected_assists,penalties_missed,form,chance_of_playing_next_round,event_points,clean_sheets_per_90,transfers_out,now_cost_rank,now_cost_rank_type,ict_index_rank,goals_conceded,expected_goals_conceded,direct_freekicks_order,ep_this,starts_per_90,expected_goals_conceded_per_90,expected_goal_involvements_per_90,expected_goals_per_90,ict_index,status,threat_rank,news_added,creativity_rank,points_per_game,chance_of_playing_this_round,cost_change_event,bps,starts,transfers_in,selected_rank,saves,yellow_cards,total_points,news,penalties_order,cost_change_start,own_goals,cost_change_start_fall,minutes,expected_goal_involvements,penalties_saved,threat_rank_type
175,Tyrell Malacia,80,GKP,Man City,5.5,630,298,17.6,7.0,1.28,218,Moran,140,True,173,948,257.0,9,0,2,529,68,60,,69,4498,3,11.6,6.3,1.21,3,4.0,0.07,0,4.3,3,0.9,0.19,0,2.0,25.0,5,0.34,534501,482,44,253,3,5.06,,0.2,1.25,1.36,0.3,0.76,48.2,d,335,2024-08-29T11:08:43.963582Z,291,4.5,50.0,1,96,4,501572,11,22,0,62,,1.0,3,0,0,46,0.51,1,182
529,Dominic Solanke-Mitchell,39,MID,Aston Villa,1.1,278,286,16.2,4.71,1.66,25,Udogie,218,False,77,18632,61.0,4,1,3,89,192,439,241.0,275,160,0,1.0,3.2,0.23,1,6.0,0.14,1,4.2,10,0.5,0.0,1,4.0,,3,0.81,85470,511,109,635,13,3.35,5.0,5.5,1.01,1.22,0.41,0.17,58.2,u,291,,614,2.2,75.0,-1,73,2,68300,249,33,3,35,Knee injury - Expected back 23 Nov,,5,1,-1,1,0.48,0,112
168,Mykhailo Mudryk,73,FWD,Spurs,6.3,188,143,95.6,2.86,1.48,5,Manning,107,True,102,212,57.0,7,0,1,312,29,552,229.0,182,22037,7,10.1,1.3,0.63,0,,0.1,-1,51.9,5,0.4,0.72,0,6.3,100.0,8,0.6,1448517,519,137,301,19,0.13,2.0,3.8,0.85,6.62,1.61,0.1,17.7,a,535,2024-08-12T14:30:04.394338Z,555,2.5,,0,-1,7,1740,637,15,2,0,Ankle injury - Expected back 23 Nov,2.0,-2,1,3,119,0.45,0,119
</dataframe>




Update this initial code:
```python
# TODO: import the required dependencies
import pandas as pd

# Write code here

# Declare result var: 
type (possible values "string", "number", "dataframe", "plot"). Examples: { "type": "string", "value": f"The highest salary is {highest_salary}." } or { "type": "number", "value": 125 } or { "type": "dataframe", "value": pd.DataFrame({...}) } or { "type": "plot", "value": "temp_chart.png" }

```



### QUERY
 Who is the player with the highest expected goal involvments


Variable `dfs: list[pd.DataFrame]` is already declared.

At the end, declare "result" variable as a dictionary of type and value.

If you are asked to plot a chart, use "matplotlib" for charts, save as png.


Generate python code and return full updated code:
2024-11-09 22:06:43 [INFO] Executing Step 3: CodeGenerator
2024-11-09 22:06:45 [INFO] Prompt used:
            <dataframe>
dfs[0]:666x80
id,name,now_cost,position,team,ep_next,points_per_game_rank,selected_rank_type,influence,saves_per_90,goals_conceded_per_90,points_per_game_rank_type,web_name,creativity_rank_type,in_dreamteam,ict_index_rank_type,transfers_out_event,threat,bonus,red_cards,dreamteam_count,form_rank,influence_rank_type,influence_rank,region,form_rank_type,transfers_in_event,assists,selected_by_percent,value_season,expected_goals,clean_sheets,corners_and_indirect_freekicks_order,expected_assists_per_90,cost_change_event_fall,creativity,goals_scored,value_form,expected_assists,penalties_missed,form,chance_of_playing_next_round,event_points,clean_sheets_per_90,transfers_out,now_cost_rank,now_cost_rank_type,ict_index_rank,goals_conceded,expected_goals_conceded,direct_freekicks_order,ep_this,starts_per_90,expected_goals_conceded_per_90,expected_goal_involvements_per_90,expected_goals_per_90,ict_index,status,threat_rank,news_added,creativity_rank,points_per_game,chance_of_playing_this_round,cost_change_event,bps,starts,transfers_in,selected_rank,saves,yellow_cards,total_points,news,penalties_order,cost_change_start,own_goals,cost_change_start_fall,minutes,expected_goal_involvements,penalties_saved,threat_rank_type
175,Tyrell Malacia,80,GKP,Man City,5.5,630,298,17.6,7.0,1.28,218,Moran,140,True,173,948,257.0,9,0,2,529,68,60,,69,4498,3,11.6,6.3,1.21,3,4.0,0.07,0,4.3,3,0.9,0.19,0,2.0,25.0,5,0.34,534501,482,44,253,3,5.06,,0.2,1.25,1.36,0.3,0.76,48.2,d,335,2024-08-29T11:08:43.963582Z,291,4.5,50.0,1,96,4,501572,11,22,0,62,,1.0,3,0,0,46,0.51,1,182
529,Dominic Solanke-Mitchell,39,MID,Aston Villa,1.1,278,286,16.2,4.71,1.66,25,Udogie,218,False,77,18632,61.0,4,1,3,89,192,439,241.0,275,160,0,1.0,3.2,0.23,1,6.0,0.14,1,4.2,10,0.5,0.0,1,4.0,,3,0.81,85470,511,109,635,13,3.35,5.0,5.5,1.01,1.22,0.41,0.17,58.2,u,291,,614,2.2,75.0,-1,73,2,68300,249,33,3,35,Knee injury - Expected back 23 Nov,,5,1,-1,1,0.48,0,112
168,Mykhailo Mudryk,73,FWD,Spurs,6.3,188,143,95.6,2.86,1.48,5,Manning,107,True,102,212,57.0,7,0,1,312,29,552,229.0,182,22037,7,10.1,1.3,0.63,0,,0.1,-1,51.9,5,0.4,0.72,0,6.3,100.0,8,0.6,1448517,519,137,301,19,0.13,2.0,3.8,0.85,6.62,1.61,0.1,17.7,a,535,2024-08-12T14:30:04.394338Z,555,2.5,,0,-1,7,1740,637,15,2,0,Ankle injury - Expected back 23 Nov,2.0,-2,1,3,119,0.45,0,119
</dataframe>




Update this initial code:
```python
# TODO: import the required dependencies
import pandas as pd

# Write code here

# Declare result var: 
type (possible values "string", "number", "dataframe", "plot"). Examples: { "type": "string", "value": f"The highest salary is {highest_salary}." } or { "type": "number", "value": 125 } or { "type": "dataframe", "value": pd.DataFrame({...}) } or { "type": "plot", "value": "temp_chart.png" }

```



### QUERY
 Who is the player with the highest expected goal involvments


Variable `dfs: list[pd.DataFrame]` is already declared.

At the end, declare "result" variable as a dictionary of type and value.

If you are asked to plot a chart, use "matplotlib" for charts, save as png.


Generate python code and return full updated code:
            
2024-11-09 22:06:45 [INFO] Code generated:
            ```
            # TODO: import the required dependencies
import pandas as pd

# Write code here
highest_expected_goal_involvements_player = dfs[0].loc[dfs[0]['expected_goal_involvements'].idxmax()]['name']

result = { "type": "string", "value": f"The player with the highest expected goal involvments is {highest_expected_goal_involvements_player}." }
            ```
            
2024-11-09 22:06:45 [INFO] Executing Step 4: CachePopulation
2024-11-09 22:06:45 [INFO] Executing Step 5: CodeCleaning
2024-11-09 22:06:45 [INFO] 
Code running:
```
highest_expected_goal_involvements_player = dfs[0].loc[dfs[0]['expected_goal_involvements'].idxmax()]['name']
result = {'type': 'string', 'value': f'The player with the highest expected goal involvments is {highest_expected_goal_involvements_player}.'}
        ```
2024-11-09 22:06:45 [INFO] Executing Step 6: CodeExecution
2024-11-09 22:06:45 [INFO] Executing Step 7: ResultValidation
2024-11-09 22:06:45 [INFO] Answer: {'type': 'string', 'value': 'The player with the highest expected goal involvments is Erling Haaland.'}
2024-11-09 22:06:45 [INFO] Executing Step 8: ResultParsing
2024-11-09 22:07:01 [INFO] Question: Who is the player with the highest expected goal involvments and what is it 

2024-11-09 22:07:01 [INFO] Running PandasAI with openai LLM...
2024-11-09 22:07:01 [INFO] Prompt ID: 4d20f92b-595f-4576-9176-a80e21114a44
2024-11-09 22:07:01 [INFO] Executing Pipeline: GenerateChatPipeline
2024-11-09 22:07:01 [INFO] Executing Step 0: ValidatePipelineInput
2024-11-09 22:07:01 [INFO] Executing Step 1: CacheLookup
2024-11-09 22:07:01 [INFO] Executing Step 2: PromptGeneration
2024-11-09 22:07:01 [INFO] Using prompt: <dataframe>
dfs[0]:666x80
id,name,now_cost,position,team,ep_next,points_per_game_rank,selected_rank_type,influence,saves_per_90,goals_conceded_per_90,points_per_game_rank_type,web_name,creativity_rank_type,in_dreamteam,ict_index_rank_type,transfers_out_event,threat,bonus,red_cards,dreamteam_count,form_rank,influence_rank_type,influence_rank,region,form_rank_type,transfers_in_event,assists,selected_by_percent,value_season,expected_goals,clean_sheets,corners_and_indirect_freekicks_order,expected_assists_per_90,cost_change_event_fall,creativity,goals_scored,value_form,expected_assists,penalties_missed,form,chance_of_playing_next_round,event_points,clean_sheets_per_90,transfers_out,now_cost_rank,now_cost_rank_type,ict_index_rank,goals_conceded,expected_goals_conceded,direct_freekicks_order,ep_this,starts_per_90,expected_goals_conceded_per_90,expected_goal_involvements_per_90,expected_goals_per_90,ict_index,status,threat_rank,news_added,creativity_rank,points_per_game,chance_of_playing_this_round,cost_change_event,bps,starts,transfers_in,selected_rank,saves,yellow_cards,total_points,news,penalties_order,cost_change_start,own_goals,cost_change_start_fall,minutes,expected_goal_involvements,penalties_saved,threat_rank_type
80,Alexis Mac Allister,80,GKP,Man City,1.3,322,194,234.4,3.0,0.75,120,Ramsdale,88,False,71,4248,124.0,1,1,2,96,30,133,,31,30908,7,14.9,4.1,0.42,4,4.0,0.29,1,33.9,6,0.9,0.51,0,5.7,0.0,3,0.71,784143,406,72,617,19,4.19,2.0,6.7,1.0,1.42,0.26,0.38,5.8,d,375,,171,3.9,0.0,-1,120,1,49177,134,2,2,19,Ankle injury - Unknown return date,,5,1,2,503,1.21,0,95
483,Harry Winks,55,MID,Brighton,3.5,628,230,32.0,4.5,0.36,91,Kovačić,297,False,230,744,106.0,4,1,3,4,2,379,57.0,225,11815,1,0.2,1.8,1.38,1,5.0,0.24,-1,42.9,4,1.4,0.89,1,6.3,,4,0.6,2939,4,207,411,13,7.4,,5.7,0.71,1.3,0.36,0.11,29.8,i,239,2024-08-31T08:20:54.098792Z,387,3.0,,1,19,6,19649,82,0,5,62,,2.0,-1,0,-5,9,1.08,1,1
60,Caleb Kporha,58,FWD,Nott'm Forest,-0.5,387,269,116.6,3.14,1.07,29,Nelson,154,True,114,1597,68.0,14,0,0,49,207,171,83.0,275,66353,3,2.0,1.6,2.22,5,,0.73,0,298.1,5,0.4,1.08,0,0.3,100.0,12,0.61,498037,566,102,169,11,4.98,1.0,4.3,1.17,2.58,0.68,0.31,3.0,a,228,2024-08-12T14:30:04.626270Z,275,4.6,50.0,0,115,0,841037,413,7,4,3,Ankle injury - Expected back 23 Nov,1.0,2,1,4,495,0.97,0,267
</dataframe>




Update this initial code:
```python
# TODO: import the required dependencies
import pandas as pd

# Write code here

# Declare result var: 
type (possible values "string", "number", "dataframe", "plot"). Examples: { "type": "string", "value": f"The highest salary is {highest_salary}." } or { "type": "number", "value": 125 } or { "type": "dataframe", "value": pd.DataFrame({...}) } or { "type": "plot", "value": "temp_chart.png" }

```



### QUERY
 Who is the player with the highest expected goal involvments and what is it 


Variable `dfs: list[pd.DataFrame]` is already declared.

At the end, declare "result" variable as a dictionary of type and value.

If you are asked to plot a chart, use "matplotlib" for charts, save as png.


Generate python code and return full updated code:
2024-11-09 22:07:01 [INFO] Executing Step 3: CodeGenerator
2024-11-09 22:07:03 [INFO] Prompt used:
            <dataframe>
dfs[0]:666x80
id,name,now_cost,position,team,ep_next,points_per_game_rank,selected_rank_type,influence,saves_per_90,goals_conceded_per_90,points_per_game_rank_type,web_name,creativity_rank_type,in_dreamteam,ict_index_rank_type,transfers_out_event,threat,bonus,red_cards,dreamteam_count,form_rank,influence_rank_type,influence_rank,region,form_rank_type,transfers_in_event,assists,selected_by_percent,value_season,expected_goals,clean_sheets,corners_and_indirect_freekicks_order,expected_assists_per_90,cost_change_event_fall,creativity,goals_scored,value_form,expected_assists,penalties_missed,form,chance_of_playing_next_round,event_points,clean_sheets_per_90,transfers_out,now_cost_rank,now_cost_rank_type,ict_index_rank,goals_conceded,expected_goals_conceded,direct_freekicks_order,ep_this,starts_per_90,expected_goals_conceded_per_90,expected_goal_involvements_per_90,expected_goals_per_90,ict_index,status,threat_rank,news_added,creativity_rank,points_per_game,chance_of_playing_this_round,cost_change_event,bps,starts,transfers_in,selected_rank,saves,yellow_cards,total_points,news,penalties_order,cost_change_start,own_goals,cost_change_start_fall,minutes,expected_goal_involvements,penalties_saved,threat_rank_type
80,Alexis Mac Allister,80,GKP,Man City,1.3,322,194,234.4,3.0,0.75,120,Ramsdale,88,False,71,4248,124.0,1,1,2,96,30,133,,31,30908,7,14.9,4.1,0.42,4,4.0,0.29,1,33.9,6,0.9,0.51,0,5.7,0.0,3,0.71,784143,406,72,617,19,4.19,2.0,6.7,1.0,1.42,0.26,0.38,5.8,d,375,,171,3.9,0.0,-1,120,1,49177,134,2,2,19,Ankle injury - Unknown return date,,5,1,2,503,1.21,0,95
483,Harry Winks,55,MID,Brighton,3.5,628,230,32.0,4.5,0.36,91,Kovačić,297,False,230,744,106.0,4,1,3,4,2,379,57.0,225,11815,1,0.2,1.8,1.38,1,5.0,0.24,-1,42.9,4,1.4,0.89,1,6.3,,4,0.6,2939,4,207,411,13,7.4,,5.7,0.71,1.3,0.36,0.11,29.8,i,239,2024-08-31T08:20:54.098792Z,387,3.0,,1,19,6,19649,82,0,5,62,,2.0,-1,0,-5,9,1.08,1,1
60,Caleb Kporha,58,FWD,Nott'm Forest,-0.5,387,269,116.6,3.14,1.07,29,Nelson,154,True,114,1597,68.0,14,0,0,49,207,171,83.0,275,66353,3,2.0,1.6,2.22,5,,0.73,0,298.1,5,0.4,1.08,0,0.3,100.0,12,0.61,498037,566,102,169,11,4.98,1.0,4.3,1.17,2.58,0.68,0.31,3.0,a,228,2024-08-12T14:30:04.626270Z,275,4.6,50.0,0,115,0,841037,413,7,4,3,Ankle injury - Expected back 23 Nov,1.0,2,1,4,495,0.97,0,267
</dataframe>




Update this initial code:
```python
# TODO: import the required dependencies
import pandas as pd

# Write code here

# Declare result var: 
type (possible values "string", "number", "dataframe", "plot"). Examples: { "type": "string", "value": f"The highest salary is {highest_salary}." } or { "type": "number", "value": 125 } or { "type": "dataframe", "value": pd.DataFrame({...}) } or { "type": "plot", "value": "temp_chart.png" }

```



### QUERY
 Who is the player with the highest expected goal involvments and what is it 


Variable `dfs: list[pd.DataFrame]` is already declared.

At the end, declare "result" variable as a dictionary of type and value.

If you are asked to plot a chart, use "matplotlib" for charts, save as png.


Generate python code and return full updated code:
            
2024-11-09 22:07:03 [INFO] Code generated:
            ```
            # TODO: import the required dependencies
import pandas as pd

# Extract the relevant columns for expected goal involvements
df = dfs[0][['name', 'expected_goal_involvements']]

# Find the player with the highest expected goal involvements
highest_expected_goal_involvements = df.loc[df['expected_goal_involvements'].idxmax()]

# Store the result
result = {"type": "string", "value": f"The player with the highest expected goal involvements is {highest_expected_goal_involvements['name']} with a value of {highest_expected_goal_involvements['expected_goal_involvements']}."}
            ```
            
2024-11-09 22:07:03 [INFO] Executing Step 4: CachePopulation
2024-11-09 22:07:03 [INFO] Executing Step 5: CodeCleaning
2024-11-09 22:07:03 [INFO] 
Code running:
```
df = dfs[0][['name', 'expected_goal_involvements']]
highest_expected_goal_involvements = df.loc[df['expected_goal_involvements'].idxmax()]
result = {'type': 'string', 'value': f"The player with the highest expected goal involvements is {highest_expected_goal_involvements['name']} with a value of {highest_expected_goal_involvements['expected_goal_involvements']}."}
        ```
2024-11-09 22:07:03 [INFO] Executing Step 6: CodeExecution
2024-11-09 22:07:04 [INFO] Executing Step 7: ResultValidation
2024-11-09 22:07:04 [INFO] Answer: {'type': 'string', 'value': 'The player with the highest expected goal involvements is Erling Haaland with a value of 6.76.'}
2024-11-09 22:07:04 [INFO] Executing Step 8: ResultParsing
2024-11-09 23:34:18 [INFO] Question: what is the the highest cost for a player
2024-11-09 23:34:18 [INFO] Running PandasAI with openai LLM...
2024-11-09 23:34:18 [INFO] Prompt ID: 920d5ae1-c1ed-4120-b340-4040c8630116
2024-11-09 23:34:18 [INFO] Executing Pipeline: GenerateChatPipeline
2024-11-09 23:34:19 [INFO] Executing Step 0: ValidatePipelineInput
2024-11-09 23:34:19 [INFO] Executing Step 1: CacheLookup
2024-11-09 23:34:19 [INFO] Executing Step 2: PromptGeneration
2024-11-09 23:34:19 [INFO] Using prompt: <dataframe>
dfs[0]:666x80
id,name,now_cost,position,team,ep_next,points_per_game_rank,selected_rank_type,influence,saves_per_90,goals_conceded_per_90,points_per_game_rank_type,web_name,creativity_rank_type,in_dreamteam,ict_index_rank_type,transfers_out_event,threat,bonus,red_cards,dreamteam_count,form_rank,influence_rank_type,influence_rank,region,form_rank_type,transfers_in_event,assists,selected_by_percent,value_season,expected_goals,clean_sheets,corners_and_indirect_freekicks_order,expected_assists_per_90,cost_change_event_fall,creativity,goals_scored,value_form,expected_assists,penalties_missed,form,chance_of_playing_next_round,event_points,clean_sheets_per_90,transfers_out,now_cost_rank,now_cost_rank_type,ict_index_rank,goals_conceded,expected_goals_conceded,direct_freekicks_order,ep_this,starts_per_90,expected_goals_conceded_per_90,expected_goal_involvements_per_90,expected_goals_per_90,ict_index,status,threat_rank,news_added,creativity_rank,points_per_game,chance_of_playing_this_round,cost_change_event,bps,starts,transfers_in,selected_rank,saves,yellow_cards,total_points,news,penalties_order,cost_change_start,own_goals,cost_change_start_fall,minutes,expected_goal_involvements,penalties_saved,threat_rank_type
433,Matheus Luiz Nunes,44,DEF,Chelsea,5.8,237,247,122.2,1.5,1.49,75,Devine,268,True,172,852,47.0,14,0,2,567,119,311,114.0,274,75268,1,9.0,3.0,0.15,0,,0.45,-1,167.7,4,0.2,0.3,1,6.7,50.0,6,0.42,187319,533,81,372,15,5.07,,1.2,0.99,1.47,0.3,0.69,7.6,i,254,2024-10-07T15:30:06.108745Z,362,2.3,50.0,0,-6,6,9759,182,16,4,9,,4.0,5,1,2,186,0.27,0,262
335,Cristian Romero,92,GKP,Spurs,0.7,608,213,46.4,2.4,1.57,199,Bellegarde,282,False,185,212,141.0,7,1,0,393,202,73,44.0,170,107,4,2.8,1.9,2.1,4,6.0,0.28,0,10.0,5,1.3,0.41,0,13.0,,15,0.75,12958,246,283,522,5,9.17,1.0,6.7,2.31,1.0,0.06,0.68,24.6,u,51,,165,0.0,,-1,64,3,24,591,31,0,31,Loaned to MK Dons,,1,0,1,275,0.62,1,217
661,Rodrigo Muniz Carvalho,71,MID,Bournemouth,6.0,62,67,119.0,3.8,0.6,221,Bowler,212,False,89,759,36.0,1,0,1,659,41,613,,92,47,2,7.1,6.6,1.41,2,2.0,0.75,1,38.0,6,1.0,1.21,0,4.0,75.0,0,0.5,415,446,163,116,11,0.66,3.0,1.5,2.0,1.25,0.42,0.44,3.6,d,10,2024-08-29T11:10:39.600629Z,348,4.5,0.0,1,81,1,67795,471,15,3,10,Groin Injury - Expected back 02 Nov,3.0,-5,1,0,65,0.42,1,281
</dataframe>




Update this initial code:
```python
# TODO: import the required dependencies
import pandas as pd

# Write code here

# Declare result var: 
type (possible values "string", "number", "dataframe", "plot"). Examples: { "type": "string", "value": f"The highest salary is {highest_salary}." } or { "type": "number", "value": 125 } or { "type": "dataframe", "value": pd.DataFrame({...}) } or { "type": "plot", "value": "temp_chart.png" }

```



### QUERY
 what is the the highest cost for a player

Variable `dfs: list[pd.DataFrame]` is already declared.

At the end, declare "result" variable as a dictionary of type and value.

If you are asked to plot a chart, use "matplotlib" for charts, save as png.


Generate python code and return full updated code:
2024-11-09 23:34:19 [INFO] Executing Step 3: CodeGenerator
2024-11-09 23:34:21 [INFO] Prompt used:
            <dataframe>
dfs[0]:666x80
id,name,now_cost,position,team,ep_next,points_per_game_rank,selected_rank_type,influence,saves_per_90,goals_conceded_per_90,points_per_game_rank_type,web_name,creativity_rank_type,in_dreamteam,ict_index_rank_type,transfers_out_event,threat,bonus,red_cards,dreamteam_count,form_rank,influence_rank_type,influence_rank,region,form_rank_type,transfers_in_event,assists,selected_by_percent,value_season,expected_goals,clean_sheets,corners_and_indirect_freekicks_order,expected_assists_per_90,cost_change_event_fall,creativity,goals_scored,value_form,expected_assists,penalties_missed,form,chance_of_playing_next_round,event_points,clean_sheets_per_90,transfers_out,now_cost_rank,now_cost_rank_type,ict_index_rank,goals_conceded,expected_goals_conceded,direct_freekicks_order,ep_this,starts_per_90,expected_goals_conceded_per_90,expected_goal_involvements_per_90,expected_goals_per_90,ict_index,status,threat_rank,news_added,creativity_rank,points_per_game,chance_of_playing_this_round,cost_change_event,bps,starts,transfers_in,selected_rank,saves,yellow_cards,total_points,news,penalties_order,cost_change_start,own_goals,cost_change_start_fall,minutes,expected_goal_involvements,penalties_saved,threat_rank_type
433,Matheus Luiz Nunes,44,DEF,Chelsea,5.8,237,247,122.2,1.5,1.49,75,Devine,268,True,172,852,47.0,14,0,2,567,119,311,114.0,274,75268,1,9.0,3.0,0.15,0,,0.45,-1,167.7,4,0.2,0.3,1,6.7,50.0,6,0.42,187319,533,81,372,15,5.07,,1.2,0.99,1.47,0.3,0.69,7.6,i,254,2024-10-07T15:30:06.108745Z,362,2.3,50.0,0,-6,6,9759,182,16,4,9,,4.0,5,1,2,186,0.27,0,262
335,Cristian Romero,92,GKP,Spurs,0.7,608,213,46.4,2.4,1.57,199,Bellegarde,282,False,185,212,141.0,7,1,0,393,202,73,44.0,170,107,4,2.8,1.9,2.1,4,6.0,0.28,0,10.0,5,1.3,0.41,0,13.0,,15,0.75,12958,246,283,522,5,9.17,1.0,6.7,2.31,1.0,0.06,0.68,24.6,u,51,,165,0.0,,-1,64,3,24,591,31,0,31,Loaned to MK Dons,,1,0,1,275,0.62,1,217
661,Rodrigo Muniz Carvalho,71,MID,Bournemouth,6.0,62,67,119.0,3.8,0.6,221,Bowler,212,False,89,759,36.0,1,0,1,659,41,613,,92,47,2,7.1,6.6,1.41,2,2.0,0.75,1,38.0,6,1.0,1.21,0,4.0,75.0,0,0.5,415,446,163,116,11,0.66,3.0,1.5,2.0,1.25,0.42,0.44,3.6,d,10,2024-08-29T11:10:39.600629Z,348,4.5,0.0,1,81,1,67795,471,15,3,10,Groin Injury - Expected back 02 Nov,3.0,-5,1,0,65,0.42,1,281
</dataframe>




Update this initial code:
```python
# TODO: import the required dependencies
import pandas as pd

# Write code here

# Declare result var: 
type (possible values "string", "number", "dataframe", "plot"). Examples: { "type": "string", "value": f"The highest salary is {highest_salary}." } or { "type": "number", "value": 125 } or { "type": "dataframe", "value": pd.DataFrame({...}) } or { "type": "plot", "value": "temp_chart.png" }

```



### QUERY
 what is the the highest cost for a player

Variable `dfs: list[pd.DataFrame]` is already declared.

At the end, declare "result" variable as a dictionary of type and value.

If you are asked to plot a chart, use "matplotlib" for charts, save as png.


Generate python code and return full updated code:
            
2024-11-09 23:34:21 [INFO] Code generated:
            ```
            # TODO: import the required dependencies
import pandas as pd

# Write code here
highest_cost = max(dfs[0]['now_cost'])

# Declare result var
result = { "type": "string", "value": f"The highest cost for a player is {highest_cost}." }
            ```
            
2024-11-09 23:34:21 [INFO] Executing Step 4: CachePopulation
2024-11-09 23:34:21 [INFO] Executing Step 5: CodeCleaning
2024-11-09 23:34:21 [INFO] 
Code running:
```
highest_cost = max(dfs[0]['now_cost'])
result = {'type': 'string', 'value': f'The highest cost for a player is {highest_cost}.'}
        ```
2024-11-09 23:34:21 [INFO] Executing Step 6: CodeExecution
2024-11-09 23:34:21 [INFO] Executing Step 7: ResultValidation
2024-11-09 23:34:21 [INFO] Answer: {'type': 'string', 'value': 'The highest cost for a player is 154.'}
2024-11-09 23:34:21 [INFO] Executing Step 8: ResultParsing
2024-11-09 23:39:06 [INFO] Question: Who is the player with the highest threat
2024-11-09 23:39:06 [INFO] Running PandasAI with openai LLM...
2024-11-09 23:39:06 [INFO] Prompt ID: be0afa31-e217-4cb7-998b-4de51bcd4187
2024-11-09 23:39:06 [INFO] Executing Pipeline: GenerateChatPipeline
2024-11-09 23:39:06 [INFO] Executing Step 0: ValidatePipelineInput
2024-11-09 23:39:06 [INFO] Executing Step 1: CacheLookup
2024-11-09 23:39:06 [INFO] Executing Step 2: PromptGeneration
2024-11-09 23:39:06 [INFO] Using prompt: <dataframe>
dfs[0]:666x80
id,name,now_cost,position,team,ep_next,points_per_game_rank,selected_rank_type,influence,saves_per_90,goals_conceded_per_90,points_per_game_rank_type,web_name,creativity_rank_type,in_dreamteam,ict_index_rank_type,transfers_out_event,threat,bonus,red_cards,dreamteam_count,form_rank,influence_rank_type,influence_rank,region,form_rank_type,transfers_in_event,assists,selected_by_percent,value_season,expected_goals,clean_sheets,corners_and_indirect_freekicks_order,expected_assists_per_90,cost_change_event_fall,creativity,goals_scored,value_form,expected_assists,penalties_missed,form,chance_of_playing_next_round,event_points,clean_sheets_per_90,transfers_out,now_cost_rank,now_cost_rank_type,ict_index_rank,goals_conceded,expected_goals_conceded,direct_freekicks_order,ep_this,starts_per_90,expected_goals_conceded_per_90,expected_goal_involvements_per_90,expected_goals_per_90,ict_index,status,threat_rank,news_added,creativity_rank,points_per_game,chance_of_playing_this_round,cost_change_event,bps,starts,transfers_in,selected_rank,saves,yellow_cards,total_points,news,penalties_order,cost_change_start,own_goals,cost_change_start_fall,minutes,expected_goal_involvements,penalties_saved,threat_rank_type
120,Lucas Bergström,98,FWD,Man City,5.3,148,209,130.2,4.43,1.84,61,Dragusin,28,False,73,9624,130.0,0,0,3,429,123,15,,53,787,3,5.4,4.1,0.51,0,,1.8,-1,13.9,10,0.8,0.14,1,13.0,100.0,2,0.16,20751,249,29,508,3,2.53,,6.8,1.01,1.85,0.24,0.37,6.6,i,353,2024-09-14T18:00:06.266238Z,433,7.3,75.0,-1,-1,4,10410,362,17,5,9,Loaned to Morecambe,4.0,4,0,3,377,1.08,0,53
191,Armel Bella-Kotchap,50,GKP,Brentford,4.3,6,120,10.2,3.8,0.2,138,Stansfield,21,True,112,485,150.0,8,0,0,629,47,477,238.0,159,2957,7,8.4,7.2,0.65,2,2.0,0.09,0,40.5,6,1.3,0.97,1,4.7,,5,0.24,1150,173,193,610,0,3.78,4.0,0.1,0.91,2.7,0.86,0.29,5.7,s,223,2024-08-06T17:24:03.566492Z,642,0.3,,1,104,2,6179,484,11,3,30,Leg injury - Expected back 14 Dec,1.0,-4,1,-2,513,2.49,0,71
328,Matt Targett,40,MID,Spurs,6.2,435,109,147.8,4.0,1.65,3,Sinisalo,251,False,154,4048,257.0,1,1,1,544,177,321,48.0,39,25,4,10.1,1.6,2.04,5,5.0,0.03,1,60.3,0,0.7,3.06,0,1.7,25.0,6,0.29,13936,536,267,1,16,7.32,2.0,0.3,0.6,1.83,0.56,0.03,53.9,u,176,,181,7.2,25.0,0,51,5,56531,228,6,1,67,,,-5,0,5,114,1.42,1,215
</dataframe>




Update this initial code:
```python
# TODO: import the required dependencies
import pandas as pd

# Write code here

# Declare result var: 
type (possible values "string", "number", "dataframe", "plot"). Examples: { "type": "string", "value": f"The highest salary is {highest_salary}." } or { "type": "number", "value": 125 } or { "type": "dataframe", "value": pd.DataFrame({...}) } or { "type": "plot", "value": "temp_chart.png" }

```



### QUERY
 Who is the player with the highest threat

Variable `dfs: list[pd.DataFrame]` is already declared.

At the end, declare "result" variable as a dictionary of type and value.

If you are asked to plot a chart, use "matplotlib" for charts, save as png.


Generate python code and return full updated code:
2024-11-09 23:39:06 [INFO] Executing Step 3: CodeGenerator
2024-11-09 23:39:08 [INFO] Prompt used:
            <dataframe>
dfs[0]:666x80
id,name,now_cost,position,team,ep_next,points_per_game_rank,selected_rank_type,influence,saves_per_90,goals_conceded_per_90,points_per_game_rank_type,web_name,creativity_rank_type,in_dreamteam,ict_index_rank_type,transfers_out_event,threat,bonus,red_cards,dreamteam_count,form_rank,influence_rank_type,influence_rank,region,form_rank_type,transfers_in_event,assists,selected_by_percent,value_season,expected_goals,clean_sheets,corners_and_indirect_freekicks_order,expected_assists_per_90,cost_change_event_fall,creativity,goals_scored,value_form,expected_assists,penalties_missed,form,chance_of_playing_next_round,event_points,clean_sheets_per_90,transfers_out,now_cost_rank,now_cost_rank_type,ict_index_rank,goals_conceded,expected_goals_conceded,direct_freekicks_order,ep_this,starts_per_90,expected_goals_conceded_per_90,expected_goal_involvements_per_90,expected_goals_per_90,ict_index,status,threat_rank,news_added,creativity_rank,points_per_game,chance_of_playing_this_round,cost_change_event,bps,starts,transfers_in,selected_rank,saves,yellow_cards,total_points,news,penalties_order,cost_change_start,own_goals,cost_change_start_fall,minutes,expected_goal_involvements,penalties_saved,threat_rank_type
120,Lucas Bergström,98,FWD,Man City,5.3,148,209,130.2,4.43,1.84,61,Dragusin,28,False,73,9624,130.0,0,0,3,429,123,15,,53,787,3,5.4,4.1,0.51,0,,1.8,-1,13.9,10,0.8,0.14,1,13.0,100.0,2,0.16,20751,249,29,508,3,2.53,,6.8,1.01,1.85,0.24,0.37,6.6,i,353,2024-09-14T18:00:06.266238Z,433,7.3,75.0,-1,-1,4,10410,362,17,5,9,Loaned to Morecambe,4.0,4,0,3,377,1.08,0,53
191,Armel Bella-Kotchap,50,GKP,Brentford,4.3,6,120,10.2,3.8,0.2,138,Stansfield,21,True,112,485,150.0,8,0,0,629,47,477,238.0,159,2957,7,8.4,7.2,0.65,2,2.0,0.09,0,40.5,6,1.3,0.97,1,4.7,,5,0.24,1150,173,193,610,0,3.78,4.0,0.1,0.91,2.7,0.86,0.29,5.7,s,223,2024-08-06T17:24:03.566492Z,642,0.3,,1,104,2,6179,484,11,3,30,Leg injury - Expected back 14 Dec,1.0,-4,1,-2,513,2.49,0,71
328,Matt Targett,40,MID,Spurs,6.2,435,109,147.8,4.0,1.65,3,Sinisalo,251,False,154,4048,257.0,1,1,1,544,177,321,48.0,39,25,4,10.1,1.6,2.04,5,5.0,0.03,1,60.3,0,0.7,3.06,0,1.7,25.0,6,0.29,13936,536,267,1,16,7.32,2.0,0.3,0.6,1.83,0.56,0.03,53.9,u,176,,181,7.2,25.0,0,51,5,56531,228,6,1,67,,,-5,0,5,114,1.42,1,215
</dataframe>




Update this initial code:
```python
# TODO: import the required dependencies
import pandas as pd

# Write code here

# Declare result var: 
type (possible values "string", "number", "dataframe", "plot"). Examples: { "type": "string", "value": f"The highest salary is {highest_salary}." } or { "type": "number", "value": 125 } or { "type": "dataframe", "value": pd.DataFrame({...}) } or { "type": "plot", "value": "temp_chart.png" }

```



### QUERY
 Who is the player with the highest threat

Variable `dfs: list[pd.DataFrame]` is already declared.

At the end, declare "result" variable as a dictionary of type and value.

If you are asked to plot a chart, use "matplotlib" for charts, save as png.


Generate python code and return full updated code:
            
2024-11-09 23:39:08 [INFO] Code generated:
            ```
            # TODO: import the required dependencies
import pandas as pd

# Write code here
highest_threat_player = dfs[0].loc[dfs[0]['threat'].idxmax()]['name']

# Declare result var
result = { "type": "string", "value": f"The player with the highest threat is {highest_threat_player}." }
            ```
            
2024-11-09 23:39:08 [INFO] Executing Step 4: CachePopulation
2024-11-09 23:39:08 [INFO] Executing Step 5: CodeCleaning
2024-11-09 23:39:08 [INFO] 
Code running:
```
highest_threat_player = dfs[0].loc[dfs[0]['threat'].idxmax()]['name']
result = {'type': 'string', 'value': f'The player with the highest threat is {highest_threat_player}.'}
        ```
2024-11-09 23:39:08 [INFO] Executing Step 6: CodeExecution
2024-11-09 23:39:08 [INFO] Executing Step 7: ResultValidation
2024-11-09 23:39:08 [INFO] Answer: {'type': 'string', 'value': 'The player with the highest threat is Erling Haaland.'}
2024-11-09 23:39:08 [INFO] Executing Step 8: ResultParsing
2024-11-09 23:43:47 [INFO] Question: what is the highest activity score
2024-11-09 23:43:47 [INFO] Running PandasAI with openai LLM...
2024-11-09 23:43:47 [INFO] Prompt ID: 267158e3-1143-4a37-a5cc-0e6c67417204
2024-11-09 23:43:47 [INFO] Executing Pipeline: GenerateChatPipeline
2024-11-09 23:43:47 [INFO] Executing Step 0: ValidatePipelineInput
2024-11-09 23:43:47 [INFO] Executing Step 1: CacheLookup
2024-11-09 23:43:47 [INFO] Executing Step 2: PromptGeneration
2024-11-09 23:43:47 [INFO] Using prompt: <dataframe>
dfs[0]:172x7
date,Steps,Activity Score,Average HRV,Total Sleep Duration,Readiness Score,Sleep Score
2023-10-29,3305,77,123.0,23760.0,,66.0
2023-12-11,18985,89,136.0,,81.0,
2024-01-18,6893,91,,20010.0,71.0,74.0
</dataframe>




Update this initial code:
```python
# TODO: import the required dependencies
import pandas as pd

# Write code here

# Declare result var: 
type (possible values "string", "number", "dataframe", "plot"). Examples: { "type": "string", "value": f"The highest salary is {highest_salary}." } or { "type": "number", "value": 125 } or { "type": "dataframe", "value": pd.DataFrame({...}) } or { "type": "plot", "value": "temp_chart.png" }

```



### QUERY
 what is the highest activity score

Variable `dfs: list[pd.DataFrame]` is already declared.

At the end, declare "result" variable as a dictionary of type and value.

If you are asked to plot a chart, use "matplotlib" for charts, save as png.


Generate python code and return full updated code:
2024-11-09 23:43:47 [INFO] Executing Step 3: CodeGenerator
2024-11-09 23:43:49 [INFO] Prompt used:
            <dataframe>
dfs[0]:172x7
date,Steps,Activity Score,Average HRV,Total Sleep Duration,Readiness Score,Sleep Score
2023-10-29,3305,77,123.0,23760.0,,66.0
2023-12-11,18985,89,136.0,,81.0,
2024-01-18,6893,91,,20010.0,71.0,74.0
</dataframe>




Update this initial code:
```python
# TODO: import the required dependencies
import pandas as pd

# Write code here

# Declare result var: 
type (possible values "string", "number", "dataframe", "plot"). Examples: { "type": "string", "value": f"The highest salary is {highest_salary}." } or { "type": "number", "value": 125 } or { "type": "dataframe", "value": pd.DataFrame({...}) } or { "type": "plot", "value": "temp_chart.png" }

```



### QUERY
 what is the highest activity score

Variable `dfs: list[pd.DataFrame]` is already declared.

At the end, declare "result" variable as a dictionary of type and value.

If you are asked to plot a chart, use "matplotlib" for charts, save as png.


Generate python code and return full updated code:
            
2024-11-09 23:43:49 [INFO] Code generated:
            ```
            # TODO: import the required dependencies
import pandas as pd

# Write code here
highest_activity_score = max(dfs[0]['Activity Score'])

# Declare result var
result = { "type": "string", "value": f"The highest activity score is {highest_activity_score}." }
            ```
            
2024-11-09 23:43:49 [INFO] Executing Step 4: CachePopulation
2024-11-09 23:43:49 [INFO] Executing Step 5: CodeCleaning
2024-11-09 23:43:49 [INFO] 
Code running:
```
highest_activity_score = max(dfs[0]['Activity Score'])
result = {'type': 'string', 'value': f'The highest activity score is {highest_activity_score}.'}
        ```
2024-11-09 23:43:49 [INFO] Executing Step 6: CodeExecution
2024-11-09 23:43:49 [INFO] Executing Step 7: ResultValidation
2024-11-09 23:43:49 [INFO] Answer: {'type': 'string', 'value': 'The highest activity score is 100.'}
2024-11-09 23:43:49 [INFO] Executing Step 8: ResultParsing
2024-11-09 23:44:19 [INFO] Question: what is the average steps for 2024
2024-11-09 23:44:19 [INFO] Running PandasAI with openai LLM...
2024-11-09 23:44:19 [INFO] Prompt ID: 70b14cd1-164e-4968-943d-a3884e1c3b1e
2024-11-09 23:44:19 [INFO] Executing Pipeline: GenerateChatPipeline
2024-11-09 23:44:19 [INFO] Executing Step 0: ValidatePipelineInput
2024-11-09 23:44:19 [INFO] Executing Step 1: CacheLookup
2024-11-09 23:44:19 [INFO] Executing Step 2: PromptGeneration
2024-11-09 23:44:19 [INFO] Using prompt: <dataframe>
dfs[0]:172x7
date,Steps,Activity Score,Average HRV,Total Sleep Duration,Readiness Score,Sleep Score
2023-09-30,12856,76,,33660.0,72.0,62.0
2023-08-13,8471,84,132.0,,,67.0
2023-09-10,12475,59,134.0,30180.0,95.0,
</dataframe>




Update this initial code:
```python
# TODO: import the required dependencies
import pandas as pd

# Write code here

# Declare result var: 
type (possible values "string", "number", "dataframe", "plot"). Examples: { "type": "string", "value": f"The highest salary is {highest_salary}." } or { "type": "number", "value": 125 } or { "type": "dataframe", "value": pd.DataFrame({...}) } or { "type": "plot", "value": "temp_chart.png" }

```



### QUERY
 what is the average steps for 2024

Variable `dfs: list[pd.DataFrame]` is already declared.

At the end, declare "result" variable as a dictionary of type and value.

If you are asked to plot a chart, use "matplotlib" for charts, save as png.


Generate python code and return full updated code:
2024-11-09 23:44:19 [INFO] Executing Step 3: CodeGenerator
2024-11-09 23:44:22 [INFO] Prompt used:
            <dataframe>
dfs[0]:172x7
date,Steps,Activity Score,Average HRV,Total Sleep Duration,Readiness Score,Sleep Score
2023-09-30,12856,76,,33660.0,72.0,62.0
2023-08-13,8471,84,132.0,,,67.0
2023-09-10,12475,59,134.0,30180.0,95.0,
</dataframe>




Update this initial code:
```python
# TODO: import the required dependencies
import pandas as pd

# Write code here

# Declare result var: 
type (possible values "string", "number", "dataframe", "plot"). Examples: { "type": "string", "value": f"The highest salary is {highest_salary}." } or { "type": "number", "value": 125 } or { "type": "dataframe", "value": pd.DataFrame({...}) } or { "type": "plot", "value": "temp_chart.png" }

```



### QUERY
 what is the average steps for 2024

Variable `dfs: list[pd.DataFrame]` is already declared.

At the end, declare "result" variable as a dictionary of type and value.

If you are asked to plot a chart, use "matplotlib" for charts, save as png.


Generate python code and return full updated code:
            
2024-11-09 23:44:22 [INFO] Code generated:
            ```
            # TODO: import the required dependencies
import pandas as pd

# Write code here
average_steps_2024 = 0
total_steps_2024 = 0
count_days_2024 = 0

for df in dfs:
    if 'date' in df.columns and 'Steps' in df.columns:
        for index, row in df.iterrows():
            if pd.to_datetime(row['date']).year == 2024:
                if not pd.isnull(row['Steps']):
                    total_steps_2024 += row['Steps']
                    count_days_2024 += 1

if count_days_2024 > 0:
    average_steps_2024 = total_steps_2024 / count_days_2024

result = {"type": "number", "value": average_steps_2024}
            ```
            
2024-11-09 23:44:22 [INFO] Executing Step 4: CachePopulation
2024-11-09 23:44:22 [INFO] Executing Step 5: CodeCleaning
2024-11-09 23:44:22 [INFO] 
Code running:
```
average_steps_2024 = 0
total_steps_2024 = 0
count_days_2024 = 0
for df in dfs:
    if 'date' in df.columns and 'Steps' in df.columns:
        for index, row in df.iterrows():
            if pd.to_datetime(row['date']).year == 2024:
                if not pd.isnull(row['Steps']):
                    total_steps_2024 += row['Steps']
                    count_days_2024 += 1
if count_days_2024 > 0:
    average_steps_2024 = total_steps_2024 / count_days_2024
result = {'type': 'number', 'value': average_steps_2024}
        ```
2024-11-09 23:44:22 [INFO] Executing Step 6: CodeExecution
2024-11-09 23:44:22 [INFO] Executing Step 7: ResultValidation
2024-11-09 23:44:22 [INFO] Answer: {'type': 'number', 'value': 5262.833333333333}
2024-11-09 23:44:22 [INFO] Executing Step 8: ResultParsing
2024-11-11 14:18:08 [INFO] Question: What is my lowest average HRV
2024-11-11 14:18:08 [INFO] Running PandasAI with openai LLM...
2024-11-11 14:18:08 [INFO] Prompt ID: 0516fe94-4737-4ca4-91e7-2c34d452dbb2
2024-11-11 14:18:08 [INFO] Executing Pipeline: GenerateChatPipeline
2024-11-11 14:18:08 [INFO] Executing Step 0: ValidatePipelineInput
2024-11-11 14:18:08 [INFO] Executing Step 1: CacheLookup
2024-11-11 14:18:08 [INFO] Executing Step 2: PromptGeneration
2024-11-11 14:18:08 [INFO] Using prompt: <dataframe>
dfs[0]:172x7
date,Steps,Activity Score,Average HRV,Total Sleep Duration,Readiness Score,Sleep Score
2023-12-11,7130,71,72.0,25200.0,65.0,
2024-01-20,7814,85,128.0,35430.0,70.0,82.0
2024-01-01,9501,86,,,,76.0
</dataframe>




Update this initial code:
```python
# TODO: import the required dependencies
import pandas as pd

# Write code here

# Declare result var: 
type (possible values "string", "number", "dataframe", "plot"). Examples: { "type": "string", "value": f"The highest salary is {highest_salary}." } or { "type": "number", "value": 125 } or { "type": "dataframe", "value": pd.DataFrame({...}) } or { "type": "plot", "value": "temp_chart.png" }

```



### QUERY
 What is my lowest average HRV

Variable `dfs: list[pd.DataFrame]` is already declared.

At the end, declare "result" variable as a dictionary of type and value.

If you are asked to plot a chart, use "matplotlib" for charts, save as png.


Generate python code and return full updated code:
2024-11-11 14:18:08 [INFO] Executing Step 3: CodeGenerator
2024-11-11 14:18:11 [INFO] Prompt used:
            <dataframe>
dfs[0]:172x7
date,Steps,Activity Score,Average HRV,Total Sleep Duration,Readiness Score,Sleep Score
2023-12-11,7130,71,72.0,25200.0,65.0,
2024-01-20,7814,85,128.0,35430.0,70.0,82.0
2024-01-01,9501,86,,,,76.0
</dataframe>




Update this initial code:
```python
# TODO: import the required dependencies
import pandas as pd

# Write code here

# Declare result var: 
type (possible values "string", "number", "dataframe", "plot"). Examples: { "type": "string", "value": f"The highest salary is {highest_salary}." } or { "type": "number", "value": 125 } or { "type": "dataframe", "value": pd.DataFrame({...}) } or { "type": "plot", "value": "temp_chart.png" }

```



### QUERY
 What is my lowest average HRV

Variable `dfs: list[pd.DataFrame]` is already declared.

At the end, declare "result" variable as a dictionary of type and value.

If you are asked to plot a chart, use "matplotlib" for charts, save as png.


Generate python code and return full updated code:
            
2024-11-11 14:18:11 [INFO] Code generated:
            ```
            # TODO: import the required dependencies
import pandas as pd

# Write code here
lowest_hrv = min(dfs[0]['Average HRV'].dropna())

# Declare result var
result = { "type": "number", "value": lowest_hrv }
            ```
            
2024-11-11 14:18:11 [INFO] Executing Step 4: CachePopulation
2024-11-11 14:18:11 [INFO] Executing Step 5: CodeCleaning
2024-11-11 14:18:11 [INFO] 
Code running:
```
lowest_hrv = min(dfs[0]['Average HRV'].dropna())
result = {'type': 'number', 'value': lowest_hrv}
        ```
2024-11-11 14:18:11 [INFO] Executing Step 6: CodeExecution
2024-11-11 14:18:11 [INFO] Executing Step 7: ResultValidation
2024-11-11 14:18:11 [INFO] Answer: {'type': 'number', 'value': 59.0}
2024-11-11 14:18:11 [INFO] Executing Step 8: ResultParsing
2024-11-11 14:18:27 [INFO] Question: What is my lowest average HRV
2024-11-11 14:18:27 [INFO] Running PandasAI with openai LLM...
2024-11-11 14:18:27 [INFO] Prompt ID: 0e142c16-22d1-49d8-8f37-e87941eb693c
2024-11-11 14:18:27 [INFO] Executing Pipeline: GenerateChatPipeline
2024-11-11 14:18:27 [INFO] Executing Step 0: ValidatePipelineInput
2024-11-11 14:18:27 [INFO] Executing Step 1: CacheLookup
2024-11-11 14:18:27 [INFO] Using cached response
2024-11-11 14:18:27 [INFO] Executing Step 2: PromptGeneration
2024-11-11 14:18:27 [INFO] Executing Step 2: Skipping...
2024-11-11 14:18:27 [INFO] Executing Step 3: CodeGenerator
2024-11-11 14:18:27 [INFO] Executing Step 3: Skipping...
2024-11-11 14:18:27 [INFO] Executing Step 4: CachePopulation
2024-11-11 14:18:27 [INFO] Executing Step 4: Skipping...
2024-11-11 14:18:27 [INFO] Executing Step 5: CodeCleaning
2024-11-11 14:18:27 [INFO] 
Code running:
```
lowest_hrv = min(dfs[0]['Average HRV'].dropna())
result = {'type': 'number', 'value': lowest_hrv}
        ```
2024-11-11 14:18:27 [INFO] Executing Step 6: CodeExecution
2024-11-11 14:18:27 [INFO] Executing Step 7: ResultValidation
2024-11-11 14:18:27 [INFO] Answer: {'type': 'number', 'value': 59.0}
2024-11-11 14:18:27 [INFO] Executing Step 8: ResultParsing
2024-11-11 14:18:42 [INFO] Question: Who is the player with the highest threat in arsenal
2024-11-11 14:18:42 [INFO] Running PandasAI with openai LLM...
2024-11-11 14:18:42 [INFO] Prompt ID: f06539d6-18a7-4c02-999d-a6e30a748c28
2024-11-11 14:18:42 [INFO] Executing Pipeline: GenerateChatPipeline
2024-11-11 14:18:42 [INFO] Executing Step 0: ValidatePipelineInput
2024-11-11 14:18:42 [INFO] Executing Step 1: CacheLookup
2024-11-11 14:18:42 [INFO] Executing Step 2: PromptGeneration
2024-11-11 14:18:42 [INFO] Using prompt: <dataframe>
dfs[0]:172x7
date,Steps,Activity Score,Average HRV,Total Sleep Duration,Readiness Score,Sleep Score
2024-01-13,7214,78,131.0,35430.0,74.0,85.0
2023-09-03,3105,83,123.0,,73.0,64.0
2023-10-15,2838,79,,26010.0,,
</dataframe>




Update this initial code:
```python
# TODO: import the required dependencies
import pandas as pd

# Write code here

# Declare result var: 
type (possible values "string", "number", "dataframe", "plot"). Examples: { "type": "string", "value": f"The highest salary is {highest_salary}." } or { "type": "number", "value": 125 } or { "type": "dataframe", "value": pd.DataFrame({...}) } or { "type": "plot", "value": "temp_chart.png" }

```



### QUERY
 Who is the player with the highest threat in arsenal

Variable `dfs: list[pd.DataFrame]` is already declared.

At the end, declare "result" variable as a dictionary of type and value.

If you are asked to plot a chart, use "matplotlib" for charts, save as png.


Generate python code and return full updated code:
2024-11-11 14:18:42 [INFO] Executing Step 3: CodeGenerator
2024-11-11 14:18:43 [INFO] Prompt used:
            <dataframe>
dfs[0]:172x7
date,Steps,Activity Score,Average HRV,Total Sleep Duration,Readiness Score,Sleep Score
2024-01-13,7214,78,131.0,35430.0,74.0,85.0
2023-09-03,3105,83,123.0,,73.0,64.0
2023-10-15,2838,79,,26010.0,,
</dataframe>




Update this initial code:
```python
# TODO: import the required dependencies
import pandas as pd

# Write code here

# Declare result var: 
type (possible values "string", "number", "dataframe", "plot"). Examples: { "type": "string", "value": f"The highest salary is {highest_salary}." } or { "type": "number", "value": 125 } or { "type": "dataframe", "value": pd.DataFrame({...}) } or { "type": "plot", "value": "temp_chart.png" }

```



### QUERY
 Who is the player with the highest threat in arsenal

Variable `dfs: list[pd.DataFrame]` is already declared.

At the end, declare "result" variable as a dictionary of type and value.

If you are asked to plot a chart, use "matplotlib" for charts, save as png.


Generate python code and return full updated code:
            
2024-11-11 14:18:43 [INFO] Code generated:
            ```
            # TODO: import the required dependencies
import pandas as pd

# Write code here
highest_threat_player = dfs[0]['Threat'].idxmax()
player_name = dfs[0]['Player'][highest_threat_player]

result = {
    "type": "string",
    "value": f"The player with the highest threat in Arsenal is {player_name}."
}
            ```
            
2024-11-11 14:18:43 [INFO] Executing Step 4: CachePopulation
2024-11-11 14:18:43 [INFO] Executing Step 5: CodeCleaning
2024-11-11 14:18:43 [INFO] 
Code running:
```
highest_threat_player = dfs[0]['Threat'].idxmax()
player_name = dfs[0]['Player'][highest_threat_player]
result = {'type': 'string', 'value': f'The player with the highest threat in Arsenal is {player_name}.'}
        ```
2024-11-11 14:18:43 [INFO] Executing Step 6: CodeExecution
2024-11-11 14:18:44 [ERROR] Failed with error: Traceback (most recent call last):
  File "/Users/ahmedshehata/.local/lib/python3.11/site-packages/pandas/core/indexes/base.py", line 3802, in get_loc
    return self._engine.get_loc(casted_key)
           ^^^^^^^^^^^^^^^^^^^^^^^^^^^^^^^^
  File "pandas/_libs/index.pyx", line 138, in pandas._libs.index.IndexEngine.get_loc
  File "pandas/_libs/index.pyx", line 165, in pandas._libs.index.IndexEngine.get_loc
  File "pandas/_libs/hashtable_class_helper.pxi", line 5745, in pandas._libs.hashtable.PyObjectHashTable.get_item
  File "pandas/_libs/hashtable_class_helper.pxi", line 5753, in pandas._libs.hashtable.PyObjectHashTable.get_item
KeyError: 'Threat'

The above exception was the direct cause of the following exception:

Traceback (most recent call last):
  File "/Users/ahmedshehata/anaconda3/lib/python3.11/site-packages/pandasai/pipelines/chat/code_execution.py", line 85, in execute
    result = self.execute_code(code_to_run, code_context)
             ^^^^^^^^^^^^^^^^^^^^^^^^^^^^^^^^^^^^^^^^^^^^
  File "/Users/ahmedshehata/anaconda3/lib/python3.11/site-packages/pandasai/pipelines/chat/code_execution.py", line 171, in execute_code
    exec(code, environment)
  File "<string>", line 1, in <module>
  File "/Users/ahmedshehata/.local/lib/python3.11/site-packages/pandas/core/frame.py", line 3807, in __getitem__
    indexer = self.columns.get_loc(key)
              ^^^^^^^^^^^^^^^^^^^^^^^^^
  File "/Users/ahmedshehata/.local/lib/python3.11/site-packages/pandas/core/indexes/base.py", line 3804, in get_loc
    raise KeyError(key) from err
KeyError: 'Threat'

2024-11-11 14:18:44 [WARNING] Failed to execute code retrying with a correction framework [retry number: 1]
2024-11-11 14:18:44 [INFO] Executing Pipeline: ErrorCorrectionPipeline
2024-11-11 14:18:44 [INFO] Executing Step 0: ErrorPromptGeneration
2024-11-11 14:18:44 [INFO] Using prompt: <dataframe>
dfs[0]:172x7
date,Steps,Activity Score,Average HRV,Total Sleep Duration,Readiness Score,Sleep Score
2024-01-13,7214,78,131.0,35430.0,74.0,85.0
2023-09-03,3105,83,123.0,,73.0,64.0
2023-10-15,2838,79,,26010.0,,
</dataframe>


The user asked the following question:
### QUERY
 Who is the player with the highest threat in arsenal

You generated this python code:
highest_threat_player = dfs[0]['Threat'].idxmax()
player_name = dfs[0]['Player'][highest_threat_player]
result = {'type': 'string', 'value': f'The player with the highest threat in Arsenal is {player_name}.'}

It fails with the following error:
Traceback (most recent call last):
  File "/Users/ahmedshehata/.local/lib/python3.11/site-packages/pandas/core/indexes/base.py", line 3802, in get_loc
    return self._engine.get_loc(casted_key)
           ^^^^^^^^^^^^^^^^^^^^^^^^^^^^^^^^
  File "pandas/_libs/index.pyx", line 138, in pandas._libs.index.IndexEngine.get_loc
  File "pandas/_libs/index.pyx", line 165, in pandas._libs.index.IndexEngine.get_loc
  File "pandas/_libs/hashtable_class_helper.pxi", line 5745, in pandas._libs.hashtable.PyObjectHashTable.get_item
  File "pandas/_libs/hashtable_class_helper.pxi", line 5753, in pandas._libs.hashtable.PyObjectHashTable.get_item
KeyError: 'Threat'

The above exception was the direct cause of the following exception:

Traceback (most recent call last):
  File "/Users/ahmedshehata/anaconda3/lib/python3.11/site-packages/pandasai/pipelines/chat/code_execution.py", line 85, in execute
    result = self.execute_code(code_to_run, code_context)
             ^^^^^^^^^^^^^^^^^^^^^^^^^^^^^^^^^^^^^^^^^^^^
  File "/Users/ahmedshehata/anaconda3/lib/python3.11/site-packages/pandasai/pipelines/chat/code_execution.py", line 171, in execute_code
    exec(code, environment)
  File "<string>", line 1, in <module>
  File "/Users/ahmedshehata/.local/lib/python3.11/site-packages/pandas/core/frame.py", line 3807, in __getitem__
    indexer = self.columns.get_loc(key)
              ^^^^^^^^^^^^^^^^^^^^^^^^^
  File "/Users/ahmedshehata/.local/lib/python3.11/site-packages/pandas/core/indexes/base.py", line 3804, in get_loc
    raise KeyError(key) from err
KeyError: 'Threat'


Fix the python code above and return the new python code:
2024-11-11 14:18:44 [INFO] Executing Step 1: CodeGenerator
2024-11-11 14:18:45 [INFO] Prompt used:
            <dataframe>
dfs[0]:172x7
date,Steps,Activity Score,Average HRV,Total Sleep Duration,Readiness Score,Sleep Score
2024-01-13,7214,78,131.0,35430.0,74.0,85.0
2023-09-03,3105,83,123.0,,73.0,64.0
2023-10-15,2838,79,,26010.0,,
</dataframe>


The user asked the following question:
### QUERY
 Who is the player with the highest threat in arsenal

You generated this python code:
highest_threat_player = dfs[0]['Threat'].idxmax()
player_name = dfs[0]['Player'][highest_threat_player]
result = {'type': 'string', 'value': f'The player with the highest threat in Arsenal is {player_name}.'}

It fails with the following error:
Traceback (most recent call last):
  File "/Users/ahmedshehata/.local/lib/python3.11/site-packages/pandas/core/indexes/base.py", line 3802, in get_loc
    return self._engine.get_loc(casted_key)
           ^^^^^^^^^^^^^^^^^^^^^^^^^^^^^^^^
  File "pandas/_libs/index.pyx", line 138, in pandas._libs.index.IndexEngine.get_loc
  File "pandas/_libs/index.pyx", line 165, in pandas._libs.index.IndexEngine.get_loc
  File "pandas/_libs/hashtable_class_helper.pxi", line 5745, in pandas._libs.hashtable.PyObjectHashTable.get_item
  File "pandas/_libs/hashtable_class_helper.pxi", line 5753, in pandas._libs.hashtable.PyObjectHashTable.get_item
KeyError: 'Threat'

The above exception was the direct cause of the following exception:

Traceback (most recent call last):
  File "/Users/ahmedshehata/anaconda3/lib/python3.11/site-packages/pandasai/pipelines/chat/code_execution.py", line 85, in execute
    result = self.execute_code(code_to_run, code_context)
             ^^^^^^^^^^^^^^^^^^^^^^^^^^^^^^^^^^^^^^^^^^^^
  File "/Users/ahmedshehata/anaconda3/lib/python3.11/site-packages/pandasai/pipelines/chat/code_execution.py", line 171, in execute_code
    exec(code, environment)
  File "<string>", line 1, in <module>
  File "/Users/ahmedshehata/.local/lib/python3.11/site-packages/pandas/core/frame.py", line 3807, in __getitem__
    indexer = self.columns.get_loc(key)
              ^^^^^^^^^^^^^^^^^^^^^^^^^
  File "/Users/ahmedshehata/.local/lib/python3.11/site-packages/pandas/core/indexes/base.py", line 3804, in get_loc
    raise KeyError(key) from err
KeyError: 'Threat'


Fix the python code above and return the new python code:
            
2024-11-11 14:18:45 [INFO] Code generated:
            ```
            highest_activity_score_player = dfs[0]['Activity Score'].idxmax()
player_name = dfs[0]['Player'][highest_activity_score_player]
result = {'type': 'string', 'value': f'The player with the highest Activity Score in Arsenal is {player_name}.'}
            ```
            
2024-11-11 14:18:45 [INFO] Executing Step 2: CodeCleaning
2024-11-11 14:18:45 [INFO] 
Code running:
```
highest_activity_score_player = dfs[0]['Activity Score'].idxmax()
player_name = dfs[0]['Player'][highest_activity_score_player]
result = {'type': 'string', 'value': f'The player with the highest Activity Score in Arsenal is {player_name}.'}
        ```
2024-11-11 14:18:45 [ERROR] Failed with error: Traceback (most recent call last):
  File "/Users/ahmedshehata/.local/lib/python3.11/site-packages/pandas/core/indexes/base.py", line 3802, in get_loc
    return self._engine.get_loc(casted_key)
           ^^^^^^^^^^^^^^^^^^^^^^^^^^^^^^^^
  File "pandas/_libs/index.pyx", line 138, in pandas._libs.index.IndexEngine.get_loc
  File "pandas/_libs/index.pyx", line 165, in pandas._libs.index.IndexEngine.get_loc
  File "pandas/_libs/hashtable_class_helper.pxi", line 5745, in pandas._libs.hashtable.PyObjectHashTable.get_item
  File "pandas/_libs/hashtable_class_helper.pxi", line 5753, in pandas._libs.hashtable.PyObjectHashTable.get_item
KeyError: 'Player'

The above exception was the direct cause of the following exception:

Traceback (most recent call last):
  File "/Users/ahmedshehata/anaconda3/lib/python3.11/site-packages/pandasai/pipelines/chat/code_execution.py", line 85, in execute
    result = self.execute_code(code_to_run, code_context)
             ^^^^^^^^^^^^^^^^^^^^^^^^^^^^^^^^^^^^^^^^^^^^
  File "/Users/ahmedshehata/anaconda3/lib/python3.11/site-packages/pandasai/pipelines/chat/code_execution.py", line 171, in execute_code
    exec(code, environment)
  File "<string>", line 2, in <module>
  File "/Users/ahmedshehata/.local/lib/python3.11/site-packages/pandas/core/frame.py", line 3807, in __getitem__
    indexer = self.columns.get_loc(key)
              ^^^^^^^^^^^^^^^^^^^^^^^^^
  File "/Users/ahmedshehata/.local/lib/python3.11/site-packages/pandas/core/indexes/base.py", line 3804, in get_loc
    raise KeyError(key) from err
KeyError: 'Player'

2024-11-11 14:18:45 [WARNING] Failed to execute code retrying with a correction framework [retry number: 2]
2024-11-11 14:18:45 [INFO] Executing Pipeline: ErrorCorrectionPipeline
2024-11-11 14:18:45 [INFO] Executing Step 0: ErrorPromptGeneration
2024-11-11 14:18:45 [INFO] Using prompt: <dataframe>
dfs[0]:172x7
date,Steps,Activity Score,Average HRV,Total Sleep Duration,Readiness Score,Sleep Score
2024-01-13,7214,78,131.0,35430.0,74.0,85.0
2023-09-03,3105,83,123.0,,73.0,64.0
2023-10-15,2838,79,,26010.0,,
</dataframe>


The user asked the following question:
### QUERY
 Who is the player with the highest threat in arsenal

You generated this python code:
highest_activity_score_player = dfs[0]['Activity Score'].idxmax()
player_name = dfs[0]['Player'][highest_activity_score_player]
result = {'type': 'string', 'value': f'The player with the highest Activity Score in Arsenal is {player_name}.'}

It fails with the following error:
Traceback (most recent call last):
  File "/Users/ahmedshehata/.local/lib/python3.11/site-packages/pandas/core/indexes/base.py", line 3802, in get_loc
    return self._engine.get_loc(casted_key)
           ^^^^^^^^^^^^^^^^^^^^^^^^^^^^^^^^
  File "pandas/_libs/index.pyx", line 138, in pandas._libs.index.IndexEngine.get_loc
  File "pandas/_libs/index.pyx", line 165, in pandas._libs.index.IndexEngine.get_loc
  File "pandas/_libs/hashtable_class_helper.pxi", line 5745, in pandas._libs.hashtable.PyObjectHashTable.get_item
  File "pandas/_libs/hashtable_class_helper.pxi", line 5753, in pandas._libs.hashtable.PyObjectHashTable.get_item
KeyError: 'Player'

The above exception was the direct cause of the following exception:

Traceback (most recent call last):
  File "/Users/ahmedshehata/anaconda3/lib/python3.11/site-packages/pandasai/pipelines/chat/code_execution.py", line 85, in execute
    result = self.execute_code(code_to_run, code_context)
             ^^^^^^^^^^^^^^^^^^^^^^^^^^^^^^^^^^^^^^^^^^^^
  File "/Users/ahmedshehata/anaconda3/lib/python3.11/site-packages/pandasai/pipelines/chat/code_execution.py", line 171, in execute_code
    exec(code, environment)
  File "<string>", line 2, in <module>
  File "/Users/ahmedshehata/.local/lib/python3.11/site-packages/pandas/core/frame.py", line 3807, in __getitem__
    indexer = self.columns.get_loc(key)
              ^^^^^^^^^^^^^^^^^^^^^^^^^
  File "/Users/ahmedshehata/.local/lib/python3.11/site-packages/pandas/core/indexes/base.py", line 3804, in get_loc
    raise KeyError(key) from err
KeyError: 'Player'


Fix the python code above and return the new python code:
2024-11-11 14:18:45 [INFO] Executing Step 1: CodeGenerator
2024-11-11 14:18:47 [INFO] Prompt used:
            <dataframe>
dfs[0]:172x7
date,Steps,Activity Score,Average HRV,Total Sleep Duration,Readiness Score,Sleep Score
2024-01-13,7214,78,131.0,35430.0,74.0,85.0
2023-09-03,3105,83,123.0,,73.0,64.0
2023-10-15,2838,79,,26010.0,,
</dataframe>


The user asked the following question:
### QUERY
 Who is the player with the highest threat in arsenal

You generated this python code:
highest_activity_score_player = dfs[0]['Activity Score'].idxmax()
player_name = dfs[0]['Player'][highest_activity_score_player]
result = {'type': 'string', 'value': f'The player with the highest Activity Score in Arsenal is {player_name}.'}

It fails with the following error:
Traceback (most recent call last):
  File "/Users/ahmedshehata/.local/lib/python3.11/site-packages/pandas/core/indexes/base.py", line 3802, in get_loc
    return self._engine.get_loc(casted_key)
           ^^^^^^^^^^^^^^^^^^^^^^^^^^^^^^^^
  File "pandas/_libs/index.pyx", line 138, in pandas._libs.index.IndexEngine.get_loc
  File "pandas/_libs/index.pyx", line 165, in pandas._libs.index.IndexEngine.get_loc
  File "pandas/_libs/hashtable_class_helper.pxi", line 5745, in pandas._libs.hashtable.PyObjectHashTable.get_item
  File "pandas/_libs/hashtable_class_helper.pxi", line 5753, in pandas._libs.hashtable.PyObjectHashTable.get_item
KeyError: 'Player'

The above exception was the direct cause of the following exception:

Traceback (most recent call last):
  File "/Users/ahmedshehata/anaconda3/lib/python3.11/site-packages/pandasai/pipelines/chat/code_execution.py", line 85, in execute
    result = self.execute_code(code_to_run, code_context)
             ^^^^^^^^^^^^^^^^^^^^^^^^^^^^^^^^^^^^^^^^^^^^
  File "/Users/ahmedshehata/anaconda3/lib/python3.11/site-packages/pandasai/pipelines/chat/code_execution.py", line 171, in execute_code
    exec(code, environment)
  File "<string>", line 2, in <module>
  File "/Users/ahmedshehata/.local/lib/python3.11/site-packages/pandas/core/frame.py", line 3807, in __getitem__
    indexer = self.columns.get_loc(key)
              ^^^^^^^^^^^^^^^^^^^^^^^^^
  File "/Users/ahmedshehata/.local/lib/python3.11/site-packages/pandas/core/indexes/base.py", line 3804, in get_loc
    raise KeyError(key) from err
KeyError: 'Player'


Fix the python code above and return the new python code:
            
2024-11-11 14:18:47 [INFO] Code generated:
            ```
            highest_activity_score_player = dfs[0]['Activity Score'].idxmax()
player_name = dfs[0].loc[highest_activity_score_player, 'Player']
result = {'type': 'string', 'value': f'The player with the highest Activity Score in Arsenal is {player_name}.'}
            ```
            
2024-11-11 14:18:47 [INFO] Executing Step 2: CodeCleaning
2024-11-11 14:18:47 [INFO] 
Code running:
```
highest_activity_score_player = dfs[0]['Activity Score'].idxmax()
player_name = dfs[0].loc[highest_activity_score_player, 'Player']
result = {'type': 'string', 'value': f'The player with the highest Activity Score in Arsenal is {player_name}.'}
        ```
2024-11-11 14:18:47 [ERROR] Failed with error: Traceback (most recent call last):
  File "/Users/ahmedshehata/.local/lib/python3.11/site-packages/pandas/core/indexes/base.py", line 3802, in get_loc
    return self._engine.get_loc(casted_key)
           ^^^^^^^^^^^^^^^^^^^^^^^^^^^^^^^^
  File "pandas/_libs/index.pyx", line 138, in pandas._libs.index.IndexEngine.get_loc
  File "pandas/_libs/index.pyx", line 165, in pandas._libs.index.IndexEngine.get_loc
  File "pandas/_libs/hashtable_class_helper.pxi", line 5745, in pandas._libs.hashtable.PyObjectHashTable.get_item
  File "pandas/_libs/hashtable_class_helper.pxi", line 5753, in pandas._libs.hashtable.PyObjectHashTable.get_item
KeyError: 'Player'

The above exception was the direct cause of the following exception:

Traceback (most recent call last):
  File "/Users/ahmedshehata/anaconda3/lib/python3.11/site-packages/pandasai/pipelines/chat/code_execution.py", line 85, in execute
    result = self.execute_code(code_to_run, code_context)
             ^^^^^^^^^^^^^^^^^^^^^^^^^^^^^^^^^^^^^^^^^^^^
  File "/Users/ahmedshehata/anaconda3/lib/python3.11/site-packages/pandasai/pipelines/chat/code_execution.py", line 171, in execute_code
    exec(code, environment)
  File "<string>", line 2, in <module>
  File "/Users/ahmedshehata/.local/lib/python3.11/site-packages/pandas/core/indexing.py", line 1066, in __getitem__
    return self.obj._get_value(*key, takeable=self._takeable)
           ^^^^^^^^^^^^^^^^^^^^^^^^^^^^^^^^^^^^^^^^^^^^^^^^^^
  File "/Users/ahmedshehata/.local/lib/python3.11/site-packages/pandas/core/frame.py", line 3917, in _get_value
    series = self._get_item_cache(col)
             ^^^^^^^^^^^^^^^^^^^^^^^^^
  File "/Users/ahmedshehata/.local/lib/python3.11/site-packages/pandas/core/frame.py", line 4282, in _get_item_cache
    loc = self.columns.get_loc(item)
          ^^^^^^^^^^^^^^^^^^^^^^^^^^
  File "/Users/ahmedshehata/.local/lib/python3.11/site-packages/pandas/core/indexes/base.py", line 3804, in get_loc
    raise KeyError(key) from err
KeyError: 'Player'

2024-11-11 14:18:47 [WARNING] Failed to execute code retrying with a correction framework [retry number: 3]
2024-11-11 14:18:47 [INFO] Executing Pipeline: ErrorCorrectionPipeline
2024-11-11 14:18:47 [INFO] Executing Step 0: ErrorPromptGeneration
2024-11-11 14:18:47 [INFO] Using prompt: <dataframe>
dfs[0]:172x7
date,Steps,Activity Score,Average HRV,Total Sleep Duration,Readiness Score,Sleep Score
2024-01-13,7214,78,131.0,35430.0,74.0,85.0
2023-09-03,3105,83,123.0,,73.0,64.0
2023-10-15,2838,79,,26010.0,,
</dataframe>


The user asked the following question:
### QUERY
 Who is the player with the highest threat in arsenal

You generated this python code:
highest_activity_score_player = dfs[0]['Activity Score'].idxmax()
player_name = dfs[0].loc[highest_activity_score_player, 'Player']
result = {'type': 'string', 'value': f'The player with the highest Activity Score in Arsenal is {player_name}.'}

It fails with the following error:
Traceback (most recent call last):
  File "/Users/ahmedshehata/.local/lib/python3.11/site-packages/pandas/core/indexes/base.py", line 3802, in get_loc
    return self._engine.get_loc(casted_key)
           ^^^^^^^^^^^^^^^^^^^^^^^^^^^^^^^^
  File "pandas/_libs/index.pyx", line 138, in pandas._libs.index.IndexEngine.get_loc
  File "pandas/_libs/index.pyx", line 165, in pandas._libs.index.IndexEngine.get_loc
  File "pandas/_libs/hashtable_class_helper.pxi", line 5745, in pandas._libs.hashtable.PyObjectHashTable.get_item
  File "pandas/_libs/hashtable_class_helper.pxi", line 5753, in pandas._libs.hashtable.PyObjectHashTable.get_item
KeyError: 'Player'

The above exception was the direct cause of the following exception:

Traceback (most recent call last):
  File "/Users/ahmedshehata/anaconda3/lib/python3.11/site-packages/pandasai/pipelines/chat/code_execution.py", line 85, in execute
    result = self.execute_code(code_to_run, code_context)
             ^^^^^^^^^^^^^^^^^^^^^^^^^^^^^^^^^^^^^^^^^^^^
  File "/Users/ahmedshehata/anaconda3/lib/python3.11/site-packages/pandasai/pipelines/chat/code_execution.py", line 171, in execute_code
    exec(code, environment)
  File "<string>", line 2, in <module>
  File "/Users/ahmedshehata/.local/lib/python3.11/site-packages/pandas/core/indexing.py", line 1066, in __getitem__
    return self.obj._get_value(*key, takeable=self._takeable)
           ^^^^^^^^^^^^^^^^^^^^^^^^^^^^^^^^^^^^^^^^^^^^^^^^^^
  File "/Users/ahmedshehata/.local/lib/python3.11/site-packages/pandas/core/frame.py", line 3917, in _get_value
    series = self._get_item_cache(col)
             ^^^^^^^^^^^^^^^^^^^^^^^^^
  File "/Users/ahmedshehata/.local/lib/python3.11/site-packages/pandas/core/frame.py", line 4282, in _get_item_cache
    loc = self.columns.get_loc(item)
          ^^^^^^^^^^^^^^^^^^^^^^^^^^
  File "/Users/ahmedshehata/.local/lib/python3.11/site-packages/pandas/core/indexes/base.py", line 3804, in get_loc
    raise KeyError(key) from err
KeyError: 'Player'


Fix the python code above and return the new python code:
2024-11-11 14:18:47 [INFO] Executing Step 1: CodeGenerator
2024-11-11 14:18:50 [INFO] Prompt used:
            <dataframe>
dfs[0]:172x7
date,Steps,Activity Score,Average HRV,Total Sleep Duration,Readiness Score,Sleep Score
2024-01-13,7214,78,131.0,35430.0,74.0,85.0
2023-09-03,3105,83,123.0,,73.0,64.0
2023-10-15,2838,79,,26010.0,,
</dataframe>


The user asked the following question:
### QUERY
 Who is the player with the highest threat in arsenal

You generated this python code:
highest_activity_score_player = dfs[0]['Activity Score'].idxmax()
player_name = dfs[0].loc[highest_activity_score_player, 'Player']
result = {'type': 'string', 'value': f'The player with the highest Activity Score in Arsenal is {player_name}.'}

It fails with the following error:
Traceback (most recent call last):
  File "/Users/ahmedshehata/.local/lib/python3.11/site-packages/pandas/core/indexes/base.py", line 3802, in get_loc
    return self._engine.get_loc(casted_key)
           ^^^^^^^^^^^^^^^^^^^^^^^^^^^^^^^^
  File "pandas/_libs/index.pyx", line 138, in pandas._libs.index.IndexEngine.get_loc
  File "pandas/_libs/index.pyx", line 165, in pandas._libs.index.IndexEngine.get_loc
  File "pandas/_libs/hashtable_class_helper.pxi", line 5745, in pandas._libs.hashtable.PyObjectHashTable.get_item
  File "pandas/_libs/hashtable_class_helper.pxi", line 5753, in pandas._libs.hashtable.PyObjectHashTable.get_item
KeyError: 'Player'

The above exception was the direct cause of the following exception:

Traceback (most recent call last):
  File "/Users/ahmedshehata/anaconda3/lib/python3.11/site-packages/pandasai/pipelines/chat/code_execution.py", line 85, in execute
    result = self.execute_code(code_to_run, code_context)
             ^^^^^^^^^^^^^^^^^^^^^^^^^^^^^^^^^^^^^^^^^^^^
  File "/Users/ahmedshehata/anaconda3/lib/python3.11/site-packages/pandasai/pipelines/chat/code_execution.py", line 171, in execute_code
    exec(code, environment)
  File "<string>", line 2, in <module>
  File "/Users/ahmedshehata/.local/lib/python3.11/site-packages/pandas/core/indexing.py", line 1066, in __getitem__
    return self.obj._get_value(*key, takeable=self._takeable)
           ^^^^^^^^^^^^^^^^^^^^^^^^^^^^^^^^^^^^^^^^^^^^^^^^^^
  File "/Users/ahmedshehata/.local/lib/python3.11/site-packages/pandas/core/frame.py", line 3917, in _get_value
    series = self._get_item_cache(col)
             ^^^^^^^^^^^^^^^^^^^^^^^^^
  File "/Users/ahmedshehata/.local/lib/python3.11/site-packages/pandas/core/frame.py", line 4282, in _get_item_cache
    loc = self.columns.get_loc(item)
          ^^^^^^^^^^^^^^^^^^^^^^^^^^
  File "/Users/ahmedshehata/.local/lib/python3.11/site-packages/pandas/core/indexes/base.py", line 3804, in get_loc
    raise KeyError(key) from err
KeyError: 'Player'


Fix the python code above and return the new python code:
            
2024-11-11 14:18:50 [INFO] Code generated:
            ```
            highest_activity_score_player = dfs[0]['Activity Score'].idxmax()
player_name = dfs[0].loc[highest_activity_score_player, 'Player']
result = {'type': 'string', 'value': f'The player with the highest Activity Score in Arsenal is {player_name}.'}
            ```
            
2024-11-11 14:18:50 [INFO] Executing Step 2: CodeCleaning
2024-11-11 14:18:50 [INFO] 
Code running:
```
highest_activity_score_player = dfs[0]['Activity Score'].idxmax()
player_name = dfs[0].loc[highest_activity_score_player, 'Player']
result = {'type': 'string', 'value': f'The player with the highest Activity Score in Arsenal is {player_name}.'}
        ```
2024-11-11 14:18:50 [ERROR] Failed with error: Traceback (most recent call last):
  File "/Users/ahmedshehata/.local/lib/python3.11/site-packages/pandas/core/indexes/base.py", line 3802, in get_loc
    return self._engine.get_loc(casted_key)
           ^^^^^^^^^^^^^^^^^^^^^^^^^^^^^^^^
  File "pandas/_libs/index.pyx", line 138, in pandas._libs.index.IndexEngine.get_loc
  File "pandas/_libs/index.pyx", line 165, in pandas._libs.index.IndexEngine.get_loc
  File "pandas/_libs/hashtable_class_helper.pxi", line 5745, in pandas._libs.hashtable.PyObjectHashTable.get_item
  File "pandas/_libs/hashtable_class_helper.pxi", line 5753, in pandas._libs.hashtable.PyObjectHashTable.get_item
KeyError: 'Player'

The above exception was the direct cause of the following exception:

Traceback (most recent call last):
  File "/Users/ahmedshehata/anaconda3/lib/python3.11/site-packages/pandasai/pipelines/chat/code_execution.py", line 85, in execute
    result = self.execute_code(code_to_run, code_context)
             ^^^^^^^^^^^^^^^^^^^^^^^^^^^^^^^^^^^^^^^^^^^^
  File "/Users/ahmedshehata/anaconda3/lib/python3.11/site-packages/pandasai/pipelines/chat/code_execution.py", line 171, in execute_code
    exec(code, environment)
  File "<string>", line 2, in <module>
  File "/Users/ahmedshehata/.local/lib/python3.11/site-packages/pandas/core/indexing.py", line 1066, in __getitem__
    return self.obj._get_value(*key, takeable=self._takeable)
           ^^^^^^^^^^^^^^^^^^^^^^^^^^^^^^^^^^^^^^^^^^^^^^^^^^
  File "/Users/ahmedshehata/.local/lib/python3.11/site-packages/pandas/core/frame.py", line 3917, in _get_value
    series = self._get_item_cache(col)
             ^^^^^^^^^^^^^^^^^^^^^^^^^
  File "/Users/ahmedshehata/.local/lib/python3.11/site-packages/pandas/core/frame.py", line 4282, in _get_item_cache
    loc = self.columns.get_loc(item)
          ^^^^^^^^^^^^^^^^^^^^^^^^^^
  File "/Users/ahmedshehata/.local/lib/python3.11/site-packages/pandas/core/indexes/base.py", line 3804, in get_loc
    raise KeyError(key) from err
KeyError: 'Player'

2024-11-11 14:18:50 [ERROR] Pipeline failed on step 6: 'Player'
2024-11-11 14:20:02 [INFO] Question: What is my highest average HRV
2024-11-11 14:20:02 [INFO] Running PandasAI with openai LLM...
2024-11-11 14:20:02 [INFO] Prompt ID: 73ee2cf0-57e1-4a03-ae9b-3ff0e1f294ce
2024-11-11 14:20:02 [INFO] Executing Pipeline: GenerateChatPipeline
2024-11-11 14:20:02 [INFO] Executing Step 0: ValidatePipelineInput
2024-11-11 14:20:02 [INFO] Executing Step 1: CacheLookup
2024-11-11 14:20:02 [INFO] Executing Step 2: PromptGeneration
2024-11-11 14:20:02 [INFO] Using prompt: <dataframe>
dfs[0]:172x7
date,Steps,Activity Score,Average HRV,Total Sleep Duration,Readiness Score,Sleep Score
2023-08-13,2838,53,,,,83.0
2023-11-22,11901,95,89.0,27840.0,59.0,
2023-09-25,4428,99,92.0,28470.0,87.0,74.0
</dataframe>




Update this initial code:
```python
# TODO: import the required dependencies
import pandas as pd

# Write code here

# Declare result var: 
type (possible values "string", "number", "dataframe", "plot"). Examples: { "type": "string", "value": f"The highest salary is {highest_salary}." } or { "type": "number", "value": 125 } or { "type": "dataframe", "value": pd.DataFrame({...}) } or { "type": "plot", "value": "temp_chart.png" }

```



### QUERY
 What is my highest average HRV

Variable `dfs: list[pd.DataFrame]` is already declared.

At the end, declare "result" variable as a dictionary of type and value.

If you are asked to plot a chart, use "matplotlib" for charts, save as png.


Generate python code and return full updated code:
2024-11-11 14:20:02 [INFO] Executing Step 3: CodeGenerator
2024-11-11 14:20:03 [INFO] Prompt used:
            <dataframe>
dfs[0]:172x7
date,Steps,Activity Score,Average HRV,Total Sleep Duration,Readiness Score,Sleep Score
2023-08-13,2838,53,,,,83.0
2023-11-22,11901,95,89.0,27840.0,59.0,
2023-09-25,4428,99,92.0,28470.0,87.0,74.0
</dataframe>




Update this initial code:
```python
# TODO: import the required dependencies
import pandas as pd

# Write code here

# Declare result var: 
type (possible values "string", "number", "dataframe", "plot"). Examples: { "type": "string", "value": f"The highest salary is {highest_salary}." } or { "type": "number", "value": 125 } or { "type": "dataframe", "value": pd.DataFrame({...}) } or { "type": "plot", "value": "temp_chart.png" }

```



### QUERY
 What is my highest average HRV

Variable `dfs: list[pd.DataFrame]` is already declared.

At the end, declare "result" variable as a dictionary of type and value.

If you are asked to plot a chart, use "matplotlib" for charts, save as png.


Generate python code and return full updated code:
            
2024-11-11 14:20:03 [INFO] Code generated:
            ```
            # TODO: import the required dependencies
import pandas as pd

# Write code here
highest_avg_hrv = max([df['Average HRV'].max() for df in dfs])

# Declare result var
result = { "type": "number", "value": highest_avg_hrv }
            ```
            
2024-11-11 14:20:03 [INFO] Executing Step 4: CachePopulation
2024-11-11 14:20:03 [INFO] Executing Step 5: CodeCleaning
2024-11-11 14:20:03 [INFO] 
Code running:
```
highest_avg_hrv = max([df['Average HRV'].max() for df in dfs])
result = {'type': 'number', 'value': highest_avg_hrv}
        ```
2024-11-11 14:20:03 [INFO] Executing Step 6: CodeExecution
2024-11-11 14:20:03 [INFO] Executing Step 7: ResultValidation
2024-11-11 14:20:03 [INFO] Answer: {'type': 'number', 'value': 151.0}
2024-11-11 14:20:03 [INFO] Executing Step 8: ResultParsing
2024-11-11 14:20:19 [INFO] Question: What is my lowest sleep score 
2024-11-11 14:20:19 [INFO] Running PandasAI with openai LLM...
2024-11-11 14:20:19 [INFO] Prompt ID: 24e076ba-5a97-460b-8acc-7864a755b003
2024-11-11 14:20:19 [INFO] Executing Pipeline: GenerateChatPipeline
2024-11-11 14:20:19 [INFO] Executing Step 0: ValidatePipelineInput
2024-11-11 14:20:19 [INFO] Executing Step 1: CacheLookup
2024-11-11 14:20:19 [INFO] Executing Step 2: PromptGeneration
2024-11-11 14:20:19 [INFO] Using prompt: <dataframe>
dfs[0]:172x7
date,Steps,Activity Score,Average HRV,Total Sleep Duration,Readiness Score,Sleep Score
2023-11-05,19369,99,96.0,25440.0,,
2023-11-29,4424,95,113.0,30030.0,59.0,71.0
2023-09-26,4966,65,,,70.0,64.0
</dataframe>




Update this initial code:
```python
# TODO: import the required dependencies
import pandas as pd

# Write code here

# Declare result var: 
type (possible values "string", "number", "dataframe", "plot"). Examples: { "type": "string", "value": f"The highest salary is {highest_salary}." } or { "type": "number", "value": 125 } or { "type": "dataframe", "value": pd.DataFrame({...}) } or { "type": "plot", "value": "temp_chart.png" }

```



### QUERY
 What is my lowest sleep score 

Variable `dfs: list[pd.DataFrame]` is already declared.

At the end, declare "result" variable as a dictionary of type and value.

If you are asked to plot a chart, use "matplotlib" for charts, save as png.


Generate python code and return full updated code:
2024-11-11 14:20:19 [INFO] Executing Step 3: CodeGenerator
2024-11-11 14:20:20 [INFO] Prompt used:
            <dataframe>
dfs[0]:172x7
date,Steps,Activity Score,Average HRV,Total Sleep Duration,Readiness Score,Sleep Score
2023-11-05,19369,99,96.0,25440.0,,
2023-11-29,4424,95,113.0,30030.0,59.0,71.0
2023-09-26,4966,65,,,70.0,64.0
</dataframe>




Update this initial code:
```python
# TODO: import the required dependencies
import pandas as pd

# Write code here

# Declare result var: 
type (possible values "string", "number", "dataframe", "plot"). Examples: { "type": "string", "value": f"The highest salary is {highest_salary}." } or { "type": "number", "value": 125 } or { "type": "dataframe", "value": pd.DataFrame({...}) } or { "type": "plot", "value": "temp_chart.png" }

```



### QUERY
 What is my lowest sleep score 

Variable `dfs: list[pd.DataFrame]` is already declared.

At the end, declare "result" variable as a dictionary of type and value.

If you are asked to plot a chart, use "matplotlib" for charts, save as png.


Generate python code and return full updated code:
            
2024-11-11 14:20:20 [INFO] Code generated:
            ```
            # TODO: import the required dependencies
import pandas as pd

# Write code here
lowest_sleep_score = min(dfs[0]['Sleep Score'].dropna())

result = {"type": "string", "value": f"My lowest sleep score is {lowest_sleep_score}."}
            ```
            
2024-11-11 14:20:20 [INFO] Executing Step 4: CachePopulation
2024-11-11 14:20:20 [INFO] Executing Step 5: CodeCleaning
2024-11-11 14:20:20 [INFO] 
Code running:
```
lowest_sleep_score = min(dfs[0]['Sleep Score'].dropna())
result = {'type': 'string', 'value': f'My lowest sleep score is {lowest_sleep_score}.'}
        ```
2024-11-11 14:20:20 [INFO] Executing Step 6: CodeExecution
2024-11-11 14:20:20 [INFO] Executing Step 7: ResultValidation
2024-11-11 14:20:20 [INFO] Answer: {'type': 'string', 'value': 'My lowest sleep score is 57.0.'}
2024-11-11 14:20:20 [INFO] Executing Step 8: ResultParsing
2024-11-11 14:20:41 [INFO] Question: What is the lowest sleep score in august 2023
2024-11-11 14:20:41 [INFO] Running PandasAI with openai LLM...
2024-11-11 14:20:41 [INFO] Prompt ID: 4f1bcb2b-5914-4e10-95c9-154fb3eddb49
2024-11-11 14:20:41 [INFO] Executing Pipeline: GenerateChatPipeline
2024-11-11 14:20:41 [INFO] Executing Step 0: ValidatePipelineInput
2024-11-11 14:20:41 [INFO] Executing Step 1: CacheLookup
2024-11-11 14:20:41 [INFO] Executing Step 2: PromptGeneration
2024-11-11 14:20:41 [INFO] Using prompt: <dataframe>
dfs[0]:172x7
date,Steps,Activity Score,Average HRV,Total Sleep Duration,Readiness Score,Sleep Score
2023-11-13,8047,77,72.0,25560.0,74.0,
2023-12-13,3305,84,,36510.0,,82.0
2024-01-21,11901,94,109.0,,89.0,86.0
</dataframe>




Update this initial code:
```python
# TODO: import the required dependencies
import pandas as pd

# Write code here

# Declare result var: 
type (possible values "string", "number", "dataframe", "plot"). Examples: { "type": "string", "value": f"The highest salary is {highest_salary}." } or { "type": "number", "value": 125 } or { "type": "dataframe", "value": pd.DataFrame({...}) } or { "type": "plot", "value": "temp_chart.png" }

```



### QUERY
 What is the lowest sleep score in august 2023

Variable `dfs: list[pd.DataFrame]` is already declared.

At the end, declare "result" variable as a dictionary of type and value.

If you are asked to plot a chart, use "matplotlib" for charts, save as png.


Generate python code and return full updated code:
2024-11-11 14:20:41 [INFO] Executing Step 3: CodeGenerator
2024-11-11 14:20:43 [INFO] Prompt used:
            <dataframe>
dfs[0]:172x7
date,Steps,Activity Score,Average HRV,Total Sleep Duration,Readiness Score,Sleep Score
2023-11-13,8047,77,72.0,25560.0,74.0,
2023-12-13,3305,84,,36510.0,,82.0
2024-01-21,11901,94,109.0,,89.0,86.0
</dataframe>




Update this initial code:
```python
# TODO: import the required dependencies
import pandas as pd

# Write code here

# Declare result var: 
type (possible values "string", "number", "dataframe", "plot"). Examples: { "type": "string", "value": f"The highest salary is {highest_salary}." } or { "type": "number", "value": 125 } or { "type": "dataframe", "value": pd.DataFrame({...}) } or { "type": "plot", "value": "temp_chart.png" }

```



### QUERY
 What is the lowest sleep score in august 2023

Variable `dfs: list[pd.DataFrame]` is already declared.

At the end, declare "result" variable as a dictionary of type and value.

If you are asked to plot a chart, use "matplotlib" for charts, save as png.


Generate python code and return full updated code:
            
2024-11-11 14:20:43 [INFO] Code generated:
            ```
            # TODO: import the required dependencies
import pandas as pd

# Write code here
# Filter the dataframe for August 2023
august_2023_data = dfs[0][(dfs[0]['date'] >= '2023-08-01') & (dfs[0]['date'] <= '2023-08-31')]

# Find the lowest sleep score in August 2023
lowest_sleep_score_august_2023 = august_2023_data['Sleep Score'].min()

# Declare result variable
result = {"type": "string", "value": f"The lowest sleep score in August 2023 is {lowest_sleep_score_august_2023}."}
            ```
            
2024-11-11 14:20:43 [INFO] Executing Step 4: CachePopulation
2024-11-11 14:20:43 [INFO] Executing Step 5: CodeCleaning
2024-11-11 14:20:43 [INFO] 
Code running:
```
august_2023_data = dfs[0][(dfs[0]['date'] >= '2023-08-01') & (dfs[0]['date'] <= '2023-08-31')]
lowest_sleep_score_august_2023 = august_2023_data['Sleep Score'].min()
result = {'type': 'string', 'value': f'The lowest sleep score in August 2023 is {lowest_sleep_score_august_2023}.'}
        ```
2024-11-11 14:20:43 [INFO] Executing Step 6: CodeExecution
2024-11-11 14:20:43 [INFO] Executing Step 7: ResultValidation
2024-11-11 14:20:43 [INFO] Answer: {'type': 'string', 'value': 'The lowest sleep score in August 2023 is 65.0.'}
2024-11-11 14:20:43 [INFO] Executing Step 8: ResultParsing
2024-11-11 14:21:45 [INFO] Question: What day did I have the highest Readiness Score and Sleep Score 
2024-11-11 14:21:45 [INFO] Running PandasAI with openai LLM...
2024-11-11 14:21:45 [INFO] Prompt ID: bd814ede-40a5-4100-a473-3dd644c07ddc
2024-11-11 14:21:45 [INFO] Executing Pipeline: GenerateChatPipeline
2024-11-11 14:21:45 [INFO] Executing Step 0: ValidatePipelineInput
2024-11-11 14:21:45 [INFO] Executing Step 1: CacheLookup
2024-11-11 14:21:45 [INFO] Executing Step 2: PromptGeneration
2024-11-11 14:21:45 [INFO] Using prompt: <dataframe>
dfs[0]:172x7
date,Steps,Activity Score,Average HRV,Total Sleep Duration,Readiness Score,Sleep Score
2023-12-19,11853,96,117.0,,,
2023-10-20,5447,93,,24780.0,87.0,67.0
2023-11-01,4424,82,125.0,30090.0,76.0,89.0
</dataframe>




Update this initial code:
```python
# TODO: import the required dependencies
import pandas as pd

# Write code here

# Declare result var: 
type (possible values "string", "number", "dataframe", "plot"). Examples: { "type": "string", "value": f"The highest salary is {highest_salary}." } or { "type": "number", "value": 125 } or { "type": "dataframe", "value": pd.DataFrame({...}) } or { "type": "plot", "value": "temp_chart.png" }

```



### QUERY
 What day did I have the highest Readiness Score and Sleep Score 

Variable `dfs: list[pd.DataFrame]` is already declared.

At the end, declare "result" variable as a dictionary of type and value.

If you are asked to plot a chart, use "matplotlib" for charts, save as png.


Generate python code and return full updated code:
2024-11-11 14:21:45 [INFO] Executing Step 3: CodeGenerator
2024-11-11 14:21:48 [INFO] Prompt used:
            <dataframe>
dfs[0]:172x7
date,Steps,Activity Score,Average HRV,Total Sleep Duration,Readiness Score,Sleep Score
2023-12-19,11853,96,117.0,,,
2023-10-20,5447,93,,24780.0,87.0,67.0
2023-11-01,4424,82,125.0,30090.0,76.0,89.0
</dataframe>




Update this initial code:
```python
# TODO: import the required dependencies
import pandas as pd

# Write code here

# Declare result var: 
type (possible values "string", "number", "dataframe", "plot"). Examples: { "type": "string", "value": f"The highest salary is {highest_salary}." } or { "type": "number", "value": 125 } or { "type": "dataframe", "value": pd.DataFrame({...}) } or { "type": "plot", "value": "temp_chart.png" }

```



### QUERY
 What day did I have the highest Readiness Score and Sleep Score 

Variable `dfs: list[pd.DataFrame]` is already declared.

At the end, declare "result" variable as a dictionary of type and value.

If you are asked to plot a chart, use "matplotlib" for charts, save as png.


Generate python code and return full updated code:
            
2024-11-11 14:21:48 [INFO] Code generated:
            ```
            # TODO: import the required dependencies
import pandas as pd

# Convert Total Sleep Duration to numeric
dfs[0]['Total Sleep Duration'] = pd.to_numeric(dfs[0]['Total Sleep Duration'], errors='coerce')

# Find the row with the highest Readiness Score and Sleep Score
max_readiness_score_row = dfs[0].loc[dfs[0]['Readiness Score'].idxmax()]
max_sleep_score_row = dfs[0].loc[dfs[0]['Sleep Score'].idxmax()]

# Extract the dates for the highest Readiness Score and Sleep Score
highest_readiness_date = max_readiness_score_row['date']
highest_sleep_date = max_sleep_score_row['date']

# Declare result var
result = {
    "type": "string",
    "value": f"The day with the highest Readiness Score was {highest_readiness_date} and the day with the highest Sleep Score was {highest_sleep_date}."
}
            ```
            
2024-11-11 14:21:48 [INFO] Executing Step 4: CachePopulation
2024-11-11 14:21:48 [INFO] Executing Step 5: CodeCleaning
2024-11-11 14:21:48 [INFO] 
Code running:
```
dfs[0]['Total Sleep Duration'] = pd.to_numeric(dfs[0]['Total Sleep Duration'], errors='coerce')
max_readiness_score_row = dfs[0].loc[dfs[0]['Readiness Score'].idxmax()]
max_sleep_score_row = dfs[0].loc[dfs[0]['Sleep Score'].idxmax()]
highest_readiness_date = max_readiness_score_row['date']
highest_sleep_date = max_sleep_score_row['date']
result = {'type': 'string', 'value': f'The day with the highest Readiness Score was {highest_readiness_date} and the day with the highest Sleep Score was {highest_sleep_date}.'}
        ```
2024-11-11 14:21:48 [INFO] Executing Step 6: CodeExecution
2024-11-11 14:21:48 [INFO] Executing Step 7: ResultValidation
2024-11-11 14:21:48 [INFO] Answer: {'type': 'string', 'value': 'The day with the highest Readiness Score was 2023-12-22 and the day with the highest Sleep Score was 2023-11-06.'}
2024-11-11 14:21:48 [INFO] Executing Step 8: ResultParsing
2024-11-11 14:21:55 [INFO] Question: What day did I have the highest Readiness Score and Sleep Score and what were they 
2024-11-11 14:21:55 [INFO] Running PandasAI with openai LLM...
2024-11-11 14:21:55 [INFO] Prompt ID: e8b00a5d-6c57-4865-96c7-9eb4270dfe09
2024-11-11 14:21:55 [INFO] Executing Pipeline: GenerateChatPipeline
2024-11-11 14:21:55 [INFO] Executing Step 0: ValidatePipelineInput
2024-11-11 14:21:55 [INFO] Executing Step 1: CacheLookup
2024-11-11 14:21:55 [INFO] Executing Step 2: PromptGeneration
2024-11-11 14:21:55 [INFO] Using prompt: <dataframe>
dfs[0]:172x7
date,Steps,Activity Score,Average HRV,Total Sleep Duration,Readiness Score,Sleep Score
2023-12-20,11087,99,,,80.0,84.0
2023-12-18,4508,100,72.0,33210.0,86.0,63.0
2023-11-01,6893,83,105.0,26820.0,,
</dataframe>




Update this initial code:
```python
# TODO: import the required dependencies
import pandas as pd

# Write code here

# Declare result var: 
type (possible values "string", "number", "dataframe", "plot"). Examples: { "type": "string", "value": f"The highest salary is {highest_salary}." } or { "type": "number", "value": 125 } or { "type": "dataframe", "value": pd.DataFrame({...}) } or { "type": "plot", "value": "temp_chart.png" }

```



### QUERY
 What day did I have the highest Readiness Score and Sleep Score and what were they 

Variable `dfs: list[pd.DataFrame]` is already declared.

At the end, declare "result" variable as a dictionary of type and value.

If you are asked to plot a chart, use "matplotlib" for charts, save as png.


Generate python code and return full updated code:
2024-11-11 14:21:55 [INFO] Executing Step 3: CodeGenerator
2024-11-11 14:21:58 [INFO] Prompt used:
            <dataframe>
dfs[0]:172x7
date,Steps,Activity Score,Average HRV,Total Sleep Duration,Readiness Score,Sleep Score
2023-12-20,11087,99,,,80.0,84.0
2023-12-18,4508,100,72.0,33210.0,86.0,63.0
2023-11-01,6893,83,105.0,26820.0,,
</dataframe>




Update this initial code:
```python
# TODO: import the required dependencies
import pandas as pd

# Write code here

# Declare result var: 
type (possible values "string", "number", "dataframe", "plot"). Examples: { "type": "string", "value": f"The highest salary is {highest_salary}." } or { "type": "number", "value": 125 } or { "type": "dataframe", "value": pd.DataFrame({...}) } or { "type": "plot", "value": "temp_chart.png" }

```



### QUERY
 What day did I have the highest Readiness Score and Sleep Score and what were they 

Variable `dfs: list[pd.DataFrame]` is already declared.

At the end, declare "result" variable as a dictionary of type and value.

If you are asked to plot a chart, use "matplotlib" for charts, save as png.


Generate python code and return full updated code:
            
2024-11-11 14:21:58 [INFO] Code generated:
            ```
            # TODO: import the required dependencies
import pandas as pd

# Find the row with the highest Readiness Score
max_readiness_score_row = dfs[0].loc[dfs[0]['Readiness Score'].idxmax()]

# Find the row with the highest Sleep Score
max_sleep_score_row = dfs[0].loc[dfs[0]['Sleep Score'].idxmax()]

# Extract the date, Readiness Score, and Sleep Score for the highest values
highest_readiness_date = max_readiness_score_row['date']
highest_readiness_score = max_readiness_score_row['Readiness Score']

highest_sleep_date = max_sleep_score_row['date']
highest_sleep_score = max_sleep_score_row['Sleep Score']

result = {
    "type": "string",
    "value": f"The day with the highest Readiness Score was {highest_readiness_date} with a score of {highest_readiness_score}. The day with the highest Sleep Score was {highest_sleep_date} with a score of {highest_sleep_score}."
}
            ```
            
2024-11-11 14:21:58 [INFO] Executing Step 4: CachePopulation
2024-11-11 14:21:58 [INFO] Executing Step 5: CodeCleaning
2024-11-11 14:21:58 [INFO] 
Code running:
```
max_readiness_score_row = dfs[0].loc[dfs[0]['Readiness Score'].idxmax()]
max_sleep_score_row = dfs[0].loc[dfs[0]['Sleep Score'].idxmax()]
highest_readiness_date = max_readiness_score_row['date']
highest_readiness_score = max_readiness_score_row['Readiness Score']
highest_sleep_date = max_sleep_score_row['date']
highest_sleep_score = max_sleep_score_row['Sleep Score']
result = {'type': 'string', 'value': f'The day with the highest Readiness Score was {highest_readiness_date} with a score of {highest_readiness_score}. The day with the highest Sleep Score was {highest_sleep_date} with a score of {highest_sleep_score}.'}
        ```
2024-11-11 14:21:58 [INFO] Executing Step 6: CodeExecution
2024-11-11 14:21:58 [INFO] Executing Step 7: ResultValidation
2024-11-11 14:21:58 [INFO] Answer: {'type': 'string', 'value': 'The day with the highest Readiness Score was 2023-12-22 with a score of 95.0. The day with the highest Sleep Score was 2023-11-06 with a score of 92.0.'}
2024-11-11 14:21:58 [INFO] Executing Step 8: ResultParsing
